2022-05-04 14:36:14,784 run.py[line:26] INFO VRTree读取数据...
2022-05-04 14:36:19,229 run.py[line:46] INFO VRTree创建区块,blocksize=50...
2022-05-04 14:44:37,130 run.py[line:49] INFO VRTree创建区块完成，交易VR*-tree节点数2343
2022-05-04 14:44:37,177 run.py[line:54] INFO VRTree执行查询...
2022-05-04 14:44:40,539 run.py[line:59] INFO VRTree交易查询消耗（优化前）:3.3622632026672363，访问节点数：4221
2022-05-04 14:45:20,825 run.py[line:63] INFO VRTree区块优化完成，交易VR*-tree节点数2392
2022-05-04 14:45:23,969 run.py[line:70] INFO VRTree交易查询消耗（优化后）:3.144318103790283,访问节点数：4652
2022-05-04 14:45:23,970 run.py[line:73] INFO 创建BlockDAG...
2022-05-04 14:46:21,092 run.py[line:90] INFO BlockDAG执行查询...
2022-05-04 14:46:26,554 run.py[line:98] INFO BlockDAG交易查询消耗:5.461097240447998
2022-05-04 18:24:43,075 run.py[line:26] INFO VRTree读取数据...
2022-05-04 18:24:46,732 run.py[line:46] INFO VRTree创建区块,blocksize=50...
2022-05-04 18:32:33,930 run.py[line:49] INFO VRTree创建区块完成，交易VR*-tree节点数2355
2022-05-04 18:32:33,968 run.py[line:54] INFO VRTree执行查询...
2022-05-04 18:32:36,776 run.py[line:59] INFO VRTree交易查询消耗（优化前）:2.807539939880371，访问节点数：4379
2022-05-04 18:33:15,559 run.py[line:63] INFO VRTree区块优化完成，交易VR*-tree节点数2390
2022-05-04 18:33:18,625 run.py[line:70] INFO VRTree交易查询消耗（优化后）:3.06489896774292,访问节点数：4652
2022-05-04 18:33:18,625 run.py[line:73] INFO 创建BlockDAG...
2022-05-04 22:05:52,529 run.py[line:26] INFO VRTree读取数据...
2022-05-04 22:05:56,668 run.py[line:46] INFO VRTree创建区块,blocksize=50...
2022-05-04 22:14:19,348 run.py[line:49] INFO VRTree创建区块完成，交易VR*-tree节点数2374
2022-05-04 22:14:19,387 run.py[line:54] INFO VRTree执行查询...
2022-05-04 22:14:24,221 run.py[line:59] INFO VRTree交易查询消耗（优化前）:4.833077907562256，访问节点数：10624
2022-05-04 22:15:06,336 run.py[line:63] INFO VRTree区块优化完成，交易VR*-tree节点数2372
2022-05-04 22:15:10,780 run.py[line:70] INFO VRTree交易查询消耗（优化后）:4.443454265594482,访问节点数：10732
2022-05-04 22:15:10,780 run.py[line:73] INFO 创建BlockDAG...
2022-05-04 22:20:46,921 run.py[line:26] INFO VRTree读取数据...
2022-05-04 22:20:48,524 run.py[line:46] INFO VRTree创建区块,blocksize=50...
2022-05-04 22:26:45,733 run.py[line:49] INFO VRTree创建区块完成，交易VR*-tree节点数2380
2022-05-04 22:26:45,758 run.py[line:54] INFO VRTree执行查询...
2022-05-04 22:26:47,671 run.py[line:59] INFO VRTree交易查询消耗（优化前）:1.912811040878296，访问节点数：10212
2022-05-04 22:27:13,635 run.py[line:63] INFO VRTree区块优化完成，交易VR*-tree节点数4579
2022-05-04 22:27:15,518 run.py[line:70] INFO VRTree交易查询消耗（优化后）:1.88222074508667,访问节点数：9179
2022-05-04 22:27:15,518 run.py[line:73] INFO 创建BlockDAG...
2022-05-04 22:27:16,840 run.py[line:90] INFO BlockDAG执行查询...
2022-05-04 22:27:18,608 run.py[line:98] INFO BlockDAG交易查询消耗:1.7677650451660156
2022-05-04 22:29:29,471 run.py[line:26] INFO VRTree读取数据...
2022-05-04 22:29:33,179 run.py[line:46] INFO VRTree创建区块,blocksize=50...
2022-05-04 22:37:42,048 run.py[line:49] INFO VRTree创建区块完成，交易VR*-tree节点数2369
2022-05-04 22:37:42,084 run.py[line:54] INFO VRTree执行查询...
2022-05-04 22:37:45,244 run.py[line:59] INFO VRTree交易查询消耗（优化前）:3.1595630645751953，访问节点数：4073
2022-05-04 22:38:40,188 run.py[line:63] INFO VRTree区块优化完成，交易VR*-tree节点数4582
2022-05-04 22:38:43,638 run.py[line:70] INFO VRTree交易查询消耗（优化后）:3.4490809440612793,访问节点数：3790
2022-05-04 22:38:43,638 run.py[line:73] INFO 创建BlockDAG...
2022-05-04 22:59:54,807 run.py[line:26] INFO VRTree读取数据...
2022-05-04 22:59:58,682 run.py[line:46] INFO VRTree创建区块,blocksize=50...
2022-05-04 23:08:10,549 run.py[line:49] INFO VRTree创建区块完成，交易VR*-tree节点数21082
2022-05-04 23:08:10,586 run.py[line:54] INFO VRTree执行查询...
2022-05-04 23:08:13,561 run.py[line:59] INFO VRTree交易查询消耗（优化前）:2.9748551845550537，访问节点数：4026
2022-05-04 23:09:07,248 run.py[line:63] INFO VRTree区块优化完成，交易VR*-tree节点数23305
2022-05-04 23:09:10,647 run.py[line:70] INFO VRTree交易查询消耗（优化后）:3.3977882862091064,访问节点数：3950
2022-05-04 23:09:10,647 run.py[line:73] INFO 创建BlockDAG...
2022-05-05 00:11:16,158 run.py[line:26] INFO VRTree读取数据...
2022-05-05 00:11:20,309 run.py[line:46] INFO VRTree创建区块,blocksize=50...
2022-05-05 00:16:15,147 run.py[line:26] INFO VRTree读取数据...
2022-05-05 00:16:19,073 run.py[line:46] INFO VRTree创建区块,blocksize=50...
2022-05-05 00:24:50,049 run.py[line:49] INFO VRTree创建区块完成，交易VR*-tree节点数21087
2022-05-05 00:24:50,089 run.py[line:54] INFO VRTree执行查询...
2022-05-05 00:24:54,345 run.py[line:59] INFO VRTree交易查询消耗（优化前）:4.2560670375823975，访问节点数：2148
2022-05-05 00:25:51,790 run.py[line:63] INFO VRTree区块优化完成，交易VR*-tree节点数23317
2022-05-05 00:25:56,142 run.py[line:70] INFO VRTree交易查询消耗（优化后）:4.351676940917969,访问节点数：2500
2022-05-05 00:25:56,143 run.py[line:73] INFO 创建BlockDAG...
2022-05-05 00:26:44,120 run.py[line:90] INFO BlockDAG执行查询...
2022-05-05 00:26:51,068 run.py[line:98] INFO BlockDAG交易查询消耗:6.947367191314697
2022-05-05 00:30:06,785 run.py[line:26] INFO VRTree读取数据...
2022-05-05 00:30:10,788 run.py[line:46] INFO VRTree创建区块,blocksize=50...
2022-05-05 00:38:25,460 run.py[line:49] INFO VRTree创建区块完成，交易VR*-tree节点数21109
2022-05-05 00:38:25,494 run.py[line:54] INFO VRTree执行查询...
2022-05-05 00:38:28,874 run.py[line:59] INFO VRTree交易查询消耗（优化前）:3.379674196243286，访问节点数：10389
2022-05-05 00:39:22,069 run.py[line:63] INFO VRTree区块优化完成，交易VR*-tree节点数23326
2022-05-05 00:39:25,599 run.py[line:70] INFO VRTree交易查询消耗（优化后）:3.53059720993042,访问节点数：9628
2022-05-05 00:39:25,600 run.py[line:73] INFO 创建BlockDAG...
2022-05-05 00:42:20,773 run.py[line:26] INFO VRTree读取数据...
2022-05-05 00:42:24,770 run.py[line:46] INFO VRTree创建区块,blocksize=50...
2022-05-05 00:50:30,149 run.py[line:49] INFO VRTree创建区块完成，交易VR*-tree节点数21090
2022-05-05 00:50:30,187 run.py[line:54] INFO VRTree执行查询...
2022-05-05 00:50:34,921 run.py[line:59] INFO VRTree交易查询消耗（优化前）:4.733513116836548，访问节点数：10347
2022-05-05 00:51:37,760 run.py[line:63] INFO VRTree区块优化完成，交易VR*-tree节点数23288
2022-05-05 00:51:42,616 run.py[line:70] INFO VRTree交易查询消耗（优化后）:4.856096982955933,访问节点数：9068
2022-05-05 00:51:42,617 run.py[line:73] INFO 创建BlockDAG...
2022-05-05 00:52:00,194 run.py[line:90] INFO BlockDAG执行查询...
2022-05-05 00:52:05,836 run.py[line:98] INFO BlockDAG交易查询消耗:5.642143964767456
2022-05-05 00:54:43,164 run.py[line:26] INFO VRTree读取数据...
2022-05-05 00:54:47,128 run.py[line:46] INFO VRTree创建区块,blocksize=50...
2022-05-05 01:02:55,561 run.py[line:49] INFO VRTree创建区块完成，交易VR*-tree节点数21098
2022-05-05 01:02:55,601 run.py[line:54] INFO VRTree执行查询...
2022-05-05 01:03:31,995 run.py[line:26] INFO VRTree读取数据...
2022-05-05 01:03:35,674 run.py[line:46] INFO VRTree创建区块,blocksize=50...
2022-05-05 01:12:14,437 run.py[line:49] INFO VRTree创建区块完成，交易VR*-tree节点数21093
2022-05-05 01:12:14,473 run.py[line:54] INFO VRTree执行查询...
2022-05-05 01:12:18,215 run.py[line:59] INFO VRTree交易查询消耗（优化前）:3.7414867877960205，访问节点数：626
2022-05-05 01:13:12,121 run.py[line:63] INFO VRTree区块优化完成，交易VR*-tree节点数23296
2022-05-05 01:13:15,946 run.py[line:70] INFO VRTree交易查询消耗（优化后）:3.82144832611084,访问节点数：691
2022-05-05 01:13:15,946 run.py[line:73] INFO 创建BlockDAG...
2022-05-05 01:13:29,363 run.py[line:90] INFO BlockDAG执行查询...
2022-05-05 01:13:35,033 run.py[line:98] INFO BlockDAG交易查询消耗:5.669917821884155
2022-05-05 01:32:04,340 run.py[line:26] INFO VRTree读取数据...
2022-05-05 01:32:08,344 run.py[line:46] INFO VRTree创建区块,blocksize=50...
2022-05-05 11:48:50,949 run.py[line:26] INFO VRTree读取数据...
2022-05-05 11:48:55,018 run.py[line:46] INFO VRTree创建区块,blocksize=50...
2022-05-05 11:49:28,537 run.py[line:26] INFO VRTree读取数据...
2022-05-05 11:49:32,722 run.py[line:46] INFO VRTree创建区块,blocksize=50...
2022-05-05 11:57:27,879 run.py[line:49] INFO VRTree创建区块完成，交易VR*-tree节点数21099
2022-05-05 11:57:27,919 run.py[line:54] INFO VRTree执行查询...
2022-05-05 11:57:31,166 run.py[line:59] INFO VRTree交易查询消耗（优化前）:3.2470691204071045，访问节点数：1414
2022-05-05 11:57:31,630 run.py[line:63] INFO VRTree区块优化完成，交易VR*-tree节点数21729
2022-05-05 11:57:34,945 run.py[line:70] INFO VRTree交易查询消耗（优化后）:3.314937114715576,访问节点数：1505
2022-05-05 11:57:34,946 run.py[line:73] INFO 创建BlockDAG...
2022-05-05 11:58:34,729 run.py[line:26] INFO VRTree读取数据...
2022-05-05 11:58:38,568 run.py[line:46] INFO VRTree创建区块,blocksize=50...
2022-05-05 12:24:54,542 run.py[line:26] INFO VRTree读取数据...
2022-05-05 12:24:58,229 run.py[line:46] INFO VRTree创建区块,blocksize=50...
2022-05-05 12:33:11,210 run.py[line:49] INFO VRTree创建区块完成，交易VR*-tree节点数21109
2022-05-05 12:33:11,249 run.py[line:54] INFO VRTree执行查询...
2022-05-05 12:33:14,316 run.py[line:59] INFO VRTree交易查询消耗（优化前）:3.0670158863067627，访问节点数：735
2022-05-05 12:33:14,810 run.py[line:63] INFO VRTree区块优化完成，交易VR*-tree节点数21729
2022-05-05 12:33:18,093 run.py[line:70] INFO VRTree交易查询消耗（优化后）:3.282176971435547,访问节点数：839
2022-05-05 12:33:18,093 run.py[line:73] INFO 创建BlockDAG...
2022-05-05 12:33:26,076 run.py[line:90] INFO BlockDAG执行查询...
2022-05-05 12:33:31,771 run.py[line:98] INFO BlockDAG交易查询消耗:5.6944639682769775
2022-05-05 12:34:21,507 run.py[line:26] INFO VRTree读取数据...
2022-05-05 12:34:25,279 run.py[line:46] INFO VRTree创建区块,blocksize=50...
2022-05-05 12:42:27,149 run.py[line:49] INFO VRTree创建区块完成，交易VR*-tree节点数21107
2022-05-05 12:42:27,189 run.py[line:54] INFO VRTree执行查询...
2022-05-05 12:42:31,373 run.py[line:59] INFO VRTree交易查询消耗（优化前）:4.183539867401123，访问节点数：2732
2022-05-05 12:42:31,993 run.py[line:63] INFO VRTree区块优化完成，交易VR*-tree节点数21729
2022-05-05 12:42:36,193 run.py[line:70] INFO VRTree交易查询消耗（优化后）:4.200141668319702,访问节点数：2851
2022-05-05 12:42:36,194 run.py[line:73] INFO 创建BlockDAG...
2022-05-05 12:42:39,438 run.py[line:90] INFO BlockDAG执行查询...
2022-05-05 12:42:46,187 run.py[line:98] INFO BlockDAG交易查询消耗:6.748004913330078
2022-05-05 12:49:08,666 run.py[line:26] INFO VRTree读取数据...
2022-05-05 12:49:12,320 run.py[line:46] INFO VRTree创建区块,blocksize=50...
2022-05-05 12:57:44,917 run.py[line:49] INFO VRTree创建区块完成，交易VR*-tree节点数21089
2022-05-05 12:57:44,965 run.py[line:54] INFO VRTree执行查询...
2022-05-05 12:57:48,832 run.py[line:59] INFO VRTree交易查询消耗（优化前）:3.866950035095215，访问节点数：933
2022-05-05 12:57:49,500 run.py[line:63] INFO VRTree区块优化完成，交易VR*-tree节点数20605
2022-05-05 12:57:53,625 run.py[line:70] INFO VRTree交易查询消耗（优化后）:4.124218940734863,访问节点数：838
2022-05-05 12:57:53,625 run.py[line:73] INFO 创建BlockDAG...
2022-05-05 12:57:56,626 run.py[line:90] INFO BlockDAG执行查询...
2022-05-05 12:58:02,438 run.py[line:98] INFO BlockDAG交易查询消耗:5.811048984527588
2022-05-05 13:16:19,214 run.py[line:26] INFO VRTree读取数据...
2022-05-05 13:16:23,085 run.py[line:46] INFO VRTree创建区块,blocksize=50...
2022-05-05 13:24:56,328 run.py[line:49] INFO VRTree创建区块完成，交易VR*-tree节点数21091
2022-05-05 13:24:56,376 run.py[line:54] INFO VRTree执行查询...
2022-05-05 13:24:59,575 run.py[line:59] INFO VRTree交易查询消耗（优化前）:3.198471784591675，访问节点数：821
2022-05-05 13:25:00,063 run.py[line:63] INFO VRTree区块优化完成，交易VR*-tree节点数20605
2022-05-05 13:25:03,820 run.py[line:70] INFO VRTree交易查询消耗（优化后）:3.756283760070801,访问节点数：717
2022-05-05 13:25:03,820 run.py[line:73] INFO 创建BlockDAG...
2022-05-05 13:25:07,133 run.py[line:90] INFO BlockDAG执行查询...
2022-05-05 13:25:13,982 run.py[line:98] INFO BlockDAG交易查询消耗:6.8487207889556885
2022-05-05 13:46:47,042 run.py[line:26] INFO VRTree读取数据...
2022-05-05 13:46:51,206 run.py[line:46] INFO VRTree创建区块,blocksize=50...
2022-05-05 13:55:41,289 run.py[line:49] INFO VRTree创建区块完成，交易VR*-tree节点数21108
2022-05-05 13:55:41,339 run.py[line:54] INFO VRTree执行查询...
2022-05-05 13:55:44,889 run.py[line:59] INFO VRTree交易查询消耗（优化前）:3.549849033355713，访问节点数：568
2022-05-05 13:56:42,339 run.py[line:63] INFO VRTree区块优化完成，交易VR*-tree节点数23343
2022-05-05 13:56:46,218 run.py[line:70] INFO VRTree交易查询消耗（优化后）:3.8771891593933105,访问节点数：628
2022-05-05 13:56:46,218 run.py[line:73] INFO 创建BlockDAG...
2022-05-05 13:56:49,031 run.py[line:90] INFO BlockDAG执行查询...
2022-05-05 13:56:55,372 run.py[line:98] INFO BlockDAG交易查询消耗:6.341623783111572
2022-05-05 13:57:44,806 run.py[line:26] INFO VRTree读取数据...
2022-05-05 13:57:49,109 run.py[line:46] INFO VRTree创建区块,blocksize=50...
2022-05-05 14:07:23,418 run.py[line:49] INFO VRTree创建区块完成，交易VR*-tree节点数21083
2022-05-05 14:07:23,458 run.py[line:54] INFO VRTree执行查询...
2022-05-05 14:07:27,229 run.py[line:59] INFO VRTree交易查询消耗（优化前）:3.7706518173217773，访问节点数：1488
2022-05-05 14:08:07,818 run.py[line:63] INFO VRTree区块优化完成，交易VR*-tree节点数21118
2022-05-05 14:08:11,378 run.py[line:70] INFO VRTree交易查询消耗（优化后）:3.559187889099121,访问节点数：1379
2022-05-05 14:08:11,378 run.py[line:73] INFO 创建BlockDAG...
2022-05-05 14:08:14,144 run.py[line:90] INFO BlockDAG执行查询...
2022-05-05 14:08:20,109 run.py[line:98] INFO BlockDAG交易查询消耗:5.964539051055908
2022-05-05 14:31:46,016 run.py[line:26] INFO VRTree读取数据...
2022-05-05 14:31:49,928 run.py[line:46] INFO VRTree创建区块,blocksize=50...
2022-05-05 14:36:00,987 run.py[line:26] INFO VRTree读取数据...
2022-05-05 14:36:04,895 run.py[line:46] INFO VRTree创建区块,blocksize=50...
2022-05-05 14:44:17,048 run.py[line:49] INFO VRTree创建区块完成，交易VR*-tree节点数21114
2022-05-05 14:44:17,090 run.py[line:54] INFO VRTree执行查询...
2022-05-05 14:44:20,775 run.py[line:59] INFO VRTree交易查询消耗（优化前）:3.684623956680298，访问节点数：4247
2022-05-05 14:45:19,793 run.py[line:63] INFO VRTree区块优化完成，交易VR*-tree节点数23282
2022-05-05 14:45:23,729 run.py[line:70] INFO VRTree交易查询消耗（优化后）:3.936206817626953,访问节点数：3891
2022-05-05 14:45:23,729 run.py[line:73] INFO 创建BlockDAG...
2022-05-05 14:45:26,855 run.py[line:90] INFO BlockDAG执行查询...
2022-05-05 14:45:33,466 run.py[line:98] INFO BlockDAG交易查询消耗:6.611244201660156
2022-05-05 14:47:47,500 run.py[line:26] INFO VRTree读取数据...
2022-05-05 14:47:52,036 run.py[line:46] INFO VRTree创建区块,blocksize=50...
2022-05-05 14:58:05,062 run.py[line:49] INFO VRTree创建区块完成，交易VR*-tree节点数21101
2022-05-05 14:58:05,108 run.py[line:54] INFO VRTree执行查询...
2022-05-05 14:58:25,671 run.py[line:26] INFO VRTree读取数据...
2022-05-05 14:58:30,389 run.py[line:46] INFO VRTree创建区块,blocksize=50...
2022-05-05 15:07:03,655 run.py[line:49] INFO VRTree创建区块完成，交易VR*-tree节点数21098
2022-05-05 15:07:03,693 run.py[line:54] INFO VRTree执行查询...
2022-05-05 15:07:07,595 run.py[line:59] INFO VRTree交易查询消耗（优化前）:3.9018149375915527，访问节点数：10504
2022-05-05 15:08:04,364 run.py[line:63] INFO VRTree区块优化完成，交易VR*-tree节点数23230
2022-05-05 15:08:09,003 run.py[line:70] INFO VRTree交易查询消耗（优化后）:4.6389219760894775,访问节点数：9599
2022-05-05 15:08:09,003 run.py[line:73] INFO 创建BlockDAG...
2022-05-05 15:08:12,217 run.py[line:90] INFO BlockDAG执行查询...
2022-05-05 15:08:18,692 run.py[line:98] INFO BlockDAG交易查询消耗:6.475075006484985
2022-05-05 17:57:08,212 run.py[line:26] INFO VRTree读取数据...
2022-05-05 17:57:12,112 run.py[line:46] INFO VRTree创建区块,blocksize=50...
2022-05-05 18:05:45,429 run.py[line:49] INFO VRTree创建区块完成，交易VR*-tree节点数21116
2022-05-05 18:05:45,465 run.py[line:54] INFO VRTree执行查询...
2022-05-05 18:05:48,352 run.py[line:59] INFO VRTree交易查询消耗（优化前）:2.886320114135742，访问节点数：4097
2022-05-05 18:06:43,870 run.py[line:63] INFO VRTree区块优化完成，交易VR*-tree节点数23268
2022-05-05 18:06:47,142 run.py[line:70] INFO VRTree交易查询消耗（优化后）:3.2710328102111816,访问节点数：3927
2022-05-05 18:06:47,142 run.py[line:73] INFO 创建BlockDAG...
2022-05-05 18:06:49,726 run.py[line:90] INFO BlockDAG执行查询...
2022-05-05 18:06:55,831 run.py[line:98] INFO BlockDAG交易查询消耗:6.104198217391968
2022-05-05 20:00:48,619 run.py[line:26] INFO VRTree读取数据...
2022-05-05 20:00:52,611 run.py[line:46] INFO VRTree创建区块,blocksize=50...
2022-05-05 20:08:01,271 run.py[line:49] INFO VRTree创建区块完成，交易VR*-tree节点数23117
2022-05-05 20:08:01,314 run.py[line:54] INFO VRTree执行查询...
2022-05-05 20:08:05,843 run.py[line:59] INFO VRTree交易查询消耗（优化前）:4.529613018035889，访问节点数：9522
2022-05-05 20:09:02,594 run.py[line:63] INFO VRTree区块优化完成，交易VR*-tree节点数23291
2022-05-05 20:09:06,910 run.py[line:70] INFO VRTree交易查询消耗（优化后）:4.315904140472412,访问节点数：9428
2022-05-05 20:09:06,911 run.py[line:73] INFO 创建BlockDAG...
2022-05-05 20:09:09,374 run.py[line:90] INFO BlockDAG执行查询...
2022-05-05 20:09:15,227 run.py[line:98] INFO BlockDAG交易查询消耗:5.852863073348999
