2022-05-06 21:48:17,656 run.py[line:27] INFO VRTree读取数据...
2022-05-06 21:48:21,584 run.py[line:48] INFO VRTree创建区块,blocksize=10...
2022-05-07 14:09:32,675 run.py[line:28] INFO VRTree读取数据...
2022-05-07 14:09:57,739 run.py[line:28] INFO VRTree读取数据...
2022-05-07 14:09:59,119 run.py[line:50] INFO VRTree创建区块,blocksize=10...
2022-05-07 14:32:01,162 run.py[line:53] INFO VRTree创建区块完成，交易VR*-tree节点数24359
2022-05-07 14:32:01,190 run.py[line:58] INFO VRTree执行查询...
2022-05-07 14:32:08,395 run.py[line:64] INFO VRTree交易查询消耗（优化前）:7.2041542530059814，访问节点数：3650
2022-05-07 14:36:03,879 run.py[line:68] INFO VRTree区块优化完成，交易VR*-tree节点数26212
2022-05-07 14:36:11,060 run.py[line:76] INFO VRTree交易查询消耗（优化后）:7.180897235870361,访问节点数：4065
2022-05-07 14:36:11,060 run.py[line:79] INFO 创建BlockDAG...
2022-05-07 16:55:48,335 run.py[line:28] INFO VRTree读取数据...
2022-05-07 16:55:52,324 run.py[line:50] INFO VRTree创建区块,blocksize=10...
2022-05-07 17:23:29,791 run.py[line:53] INFO VRTree创建区块完成，交易VR*-tree节点数24359
2022-05-07 17:23:29,827 run.py[line:58] INFO VRTree执行查询...
2022-05-07 17:23:44,341 run.py[line:64] INFO VRTree交易查询消耗（优化前）:14.51376986503601，访问节点数：10040
2022-05-07 17:32:05,104 run.py[line:68] INFO VRTree区块优化完成，交易VR*-tree节点数26215
2022-05-07 17:32:21,705 run.py[line:76] INFO VRTree交易查询消耗（优化后）:16.60075807571411,访问节点数：9445
2022-05-07 17:32:21,705 run.py[line:79] INFO 创建BlockDAG...
2022-05-07 18:33:21,021 run.py[line:28] INFO VRTree读取数据...
2022-05-07 18:33:24,797 run.py[line:50] INFO VRTree创建区块,blocksize=10...
2022-05-07 18:34:01,756 run.py[line:28] INFO VRTree读取数据...
2022-05-07 18:43:01,518 run.py[line:28] INFO VRTree读取数据...
2022-05-07 18:43:05,327 run.py[line:52] INFO VRTree创建区块,blocksize=10...
2022-05-07 18:43:40,730 run.py[line:28] INFO VRTree读取数据...
2022-05-07 18:43:46,978 run.py[line:51] INFO VRTree创建区块,blocksize=10...
2022-05-07 18:44:33,405 run.py[line:28] INFO VRTree读取数据...
2022-05-07 18:46:29,807 run.py[line:28] INFO VRTree读取数据...
2022-05-07 18:47:15,395 run.py[line:28] INFO VRTree读取数据...
2022-05-07 18:47:37,731 run.py[line:83] INFO 创建BlockDAG...
2022-05-07 18:48:33,922 run.py[line:28] INFO VRTree读取数据...
2022-05-07 18:48:44,322 run.py[line:83] INFO 创建BlockDAG...
2022-05-07 18:50:02,430 run.py[line:28] INFO VRTree读取数据...
2022-05-07 18:50:09,920 run.py[line:83] INFO 创建BlockDAG...
2022-05-07 19:23:38,641 run.py[line:28] INFO VRTree读取数据...
2022-05-07 19:23:45,327 run.py[line:83] INFO 创建BlockDAG...
2022-05-07 19:25:43,020 run.py[line:28] INFO VRTree读取数据...
2022-05-07 19:25:49,828 run.py[line:83] INFO 创建BlockDAG...
2022-05-07 19:34:20,972 run.py[line:28] INFO VRTree读取数据...
2022-05-07 19:34:38,543 run.py[line:83] INFO 创建BlockDAG...
2022-05-07 19:35:10,089 run.py[line:28] INFO VRTree读取数据...
2022-05-07 19:35:26,491 run.py[line:83] INFO 创建BlockDAG...
2022-05-07 19:36:23,883 run.py[line:28] INFO VRTree读取数据...
2022-05-07 19:36:44,145 run.py[line:83] INFO 创建BlockDAG...
2022-05-07 20:27:34,613 run.py[line:28] INFO VRTree读取数据...
2022-05-07 20:27:53,022 run.py[line:83] INFO 创建BlockDAG...
2022-05-07 20:29:20,279 run.py[line:28] INFO VRTree读取数据...
2022-05-07 20:29:39,991 run.py[line:83] INFO 创建BlockDAG...
2022-05-07 20:58:08,801 run.py[line:28] INFO VRTree读取数据...
2022-05-07 20:59:04,452 run.py[line:28] INFO VRTree读取数据...
2022-05-07 20:59:12,549 run.py[line:83] INFO 创建BlockDAG...
2022-05-07 20:59:44,253 run.py[line:28] INFO VRTree读取数据...
2022-05-07 20:59:51,645 run.py[line:83] INFO 创建BlockDAG...
2022-05-07 21:11:17,982 run.py[line:28] INFO VRTree读取数据...
2022-05-07 21:11:30,620 run.py[line:83] INFO 创建BlockDAG...
2022-05-07 21:12:35,338 run.py[line:28] INFO VRTree读取数据...
2022-05-07 21:12:41,703 run.py[line:83] INFO 创建BlockDAG...
2022-05-07 21:14:49,475 run.py[line:28] INFO VRTree读取数据...
2022-05-07 21:15:05,120 run.py[line:83] INFO 创建BlockDAG...
2022-05-07 21:16:43,258 run.py[line:28] INFO VRTree读取数据...
2022-05-07 21:16:50,306 run.py[line:83] INFO 创建BlockDAG...
2022-05-07 21:18:29,929 run.py[line:28] INFO VRTree读取数据...
2022-05-07 21:18:36,540 run.py[line:83] INFO 创建BlockDAG...
2022-05-07 21:19:54,651 run.py[line:28] INFO VRTree读取数据...
2022-05-07 21:20:01,055 run.py[line:83] INFO 创建BlockDAG...
2022-05-07 21:22:00,948 run.py[line:28] INFO VRTree读取数据...
2022-05-07 21:22:11,082 run.py[line:85] INFO 创建BlockDAG...
2022-05-07 21:22:24,064 run.py[line:103] INFO BlockDAG执行查询...
2022-05-07 21:22:38,141 run.py[line:111] INFO BlockDAG交易查询消耗:14.076853036880493
2022-05-07 21:44:26,150 run.py[line:28] INFO VRTree读取数据...
2022-05-07 21:44:28,348 run.py[line:86] INFO 创建BlockDAG...
2022-05-07 21:44:34,986 run.py[line:104] INFO BlockDAG执行查询...
2022-05-07 21:44:39,325 run.py[line:112] INFO BlockDAG交易查询消耗:4.339107990264893
2022-05-07 21:44:39,351 run.py[line:86] INFO 创建BlockDAG...
2022-05-07 21:44:43,751 run.py[line:104] INFO BlockDAG执行查询...
2022-05-07 21:44:47,003 run.py[line:112] INFO BlockDAG交易查询消耗:3.252448081970215
2022-05-07 21:44:47,029 run.py[line:86] INFO 创建BlockDAG...
2022-05-07 21:44:50,973 run.py[line:104] INFO BlockDAG执行查询...
2022-05-07 21:44:53,653 run.py[line:112] INFO BlockDAG交易查询消耗:2.6800730228424072
2022-05-07 21:44:53,680 run.py[line:86] INFO 创建BlockDAG...
2022-05-07 21:45:02,360 run.py[line:28] INFO VRTree读取数据...
2022-05-07 21:45:10,565 run.py[line:86] INFO 创建BlockDAG...
2022-05-07 21:45:24,055 run.py[line:104] INFO BlockDAG执行查询...
2022-05-07 21:45:38,585 run.py[line:112] INFO BlockDAG交易查询消耗:14.529804944992065
2022-05-07 21:45:38,622 run.py[line:86] INFO 创建BlockDAG...
2022-05-07 21:45:47,584 run.py[line:104] INFO BlockDAG执行查询...
2022-05-07 21:45:58,704 run.py[line:112] INFO BlockDAG交易查询消耗:11.120077848434448
2022-05-07 21:45:58,744 run.py[line:86] INFO 创建BlockDAG...
2022-05-07 21:46:06,388 run.py[line:104] INFO BlockDAG执行查询...
2022-05-07 21:46:15,528 run.py[line:112] INFO BlockDAG交易查询消耗:9.139458894729614
2022-05-07 21:46:15,565 run.py[line:86] INFO 创建BlockDAG...
2022-05-07 21:46:22,837 run.py[line:104] INFO BlockDAG执行查询...
2022-05-07 21:46:30,117 run.py[line:112] INFO BlockDAG交易查询消耗:7.279554843902588
2022-05-07 21:46:30,155 run.py[line:86] INFO 创建BlockDAG...
2022-05-07 21:46:36,815 run.py[line:104] INFO BlockDAG执行查询...
2022-05-07 21:46:43,642 run.py[line:112] INFO BlockDAG交易查询消耗:6.825996160507202
2022-05-07 21:46:43,678 run.py[line:86] INFO 创建BlockDAG...
2022-05-07 21:46:49,987 run.py[line:104] INFO BlockDAG执行查询...
2022-05-07 21:48:35,870 run.py[line:28] INFO VRTree读取数据...
2022-05-07 21:48:37,542 run.py[line:51] INFO blocksize=10
2022-05-07 21:48:37,571 run.py[line:57] INFO VRTree创建区块...
2022-05-07 22:12:12,109 run.py[line:60] INFO VRTree创建区块完成，交易VR*-tree节点数24359
2022-05-07 22:12:12,109 run.py[line:64] INFO VRTree执行查询...
2022-05-07 22:12:21,414 run.py[line:70] INFO VRTree交易查询消耗（优化前）:9.304851293563843，访问节点数：3761
2022-05-07 22:19:01,043 run.py[line:75] INFO VRTree区块优化完成，交易VR*-tree节点数26217
2022-05-07 22:19:13,027 run.py[line:83] INFO VRTree交易查询消耗（优化后）:11.983757972717285,访问节点数：4105
2022-05-07 22:19:13,027 run.py[line:87] INFO 创建BlockDAG...
2022-05-08 13:18:39,884 run.py[line:28] INFO VRTree读取数据...
2022-05-08 13:18:43,511 run.py[line:51] INFO blocksize=10
2022-05-08 13:18:43,548 run.py[line:56] INFO VRTree创建区块...
2022-05-08 13:50:01,145 run.py[line:59] INFO VRTree创建区块完成，交易VR*-tree节点数24359
2022-05-08 13:50:15,779 run.py[line:67] INFO VRTree交易查询消耗（优化前）:14.631524085998535，访问节点数：8695
2022-05-08 13:58:41,386 run.py[line:72] INFO VRTree区块优化完成，交易VR*-tree节点数26209
2022-05-08 13:58:56,835 run.py[line:80] INFO VRTree交易查询消耗（优化后）:15.447159767150879,访问节点数：9165
2022-05-08 13:58:56,836 run.py[line:84] INFO 创建BlockDAG...
2022-05-08 14:09:45,927 run.py[line:28] INFO VRTree读取数据...
2022-05-08 14:49:20,012 run.py[line:28] INFO VRTree读取数据...
2022-05-08 14:49:24,733 run.py[line:51] INFO blocksize=10
2022-05-08 14:49:24,776 run.py[line:56] INFO VRTree创建区块...
2022-05-08 19:03:55,281 run.py[line:28] INFO VRTree读取数据...
2022-05-08 19:03:59,884 run.py[line:51] INFO blocksize=30
2022-05-08 19:03:59,937 run.py[line:56] INFO VRTree创建区块...
2022-05-08 19:14:42,766 run.py[line:59] INFO VRTree创建区块完成，交易VR*-tree节点数23271
2022-05-08 19:14:48,723 run.py[line:67] INFO VRTree交易查询消耗（优化前）:5.954190015792847，访问节点数：3591
2022-05-08 19:16:08,235 run.py[line:72] INFO VRTree区块优化完成，交易VR*-tree节点数23518
2022-05-08 19:16:14,064 run.py[line:80] INFO VRTree交易查询消耗（优化后）:5.827620983123779,访问节点数：3636
2022-05-08 19:16:14,065 run.py[line:84] INFO 创建BlockDAG...
2022-05-08 19:16:23,155 run.py[line:102] INFO BlockDAG执行查询...
2022-05-08 19:16:31,846 run.py[line:110] INFO BlockDAG交易查询消耗:8.69062089920044
2022-05-08 19:16:31,848 run.py[line:113] INFO scan执行查询...
2022-05-08 19:17:53,808 run.py[line:119] INFO scan交易查询消耗:81.95991683006287
2022-05-08 19:17:53,810 run.py[line:51] INFO blocksize=50
2022-05-08 19:17:53,858 run.py[line:56] INFO VRTree创建区块...
2022-05-08 19:27:13,519 run.py[line:59] INFO VRTree创建区块完成，交易VR*-tree节点数23150
2022-05-08 19:27:18,162 run.py[line:67] INFO VRTree交易查询消耗（优化前）:4.6409220695495605，访问节点数：9583
2022-05-08 19:28:46,709 run.py[line:72] INFO VRTree区块优化完成，交易VR*-tree节点数23223
2022-05-08 19:28:51,029 run.py[line:80] INFO VRTree交易查询消耗（优化后）:4.319744825363159,访问节点数：9905
2022-05-08 19:28:51,029 run.py[line:84] INFO 创建BlockDAG...
2022-05-08 19:28:56,233 run.py[line:102] INFO BlockDAG执行查询...
2022-05-08 19:29:02,386 run.py[line:110] INFO BlockDAG交易查询消耗:6.152204751968384
2022-05-08 19:29:02,386 run.py[line:113] INFO scan执行查询...
2022-05-08 19:30:13,958 run.py[line:119] INFO scan交易查询消耗:71.57158017158508
2022-05-08 19:30:13,958 run.py[line:51] INFO blocksize=70
2022-05-08 19:30:13,996 run.py[line:56] INFO VRTree创建区块...
2022-05-08 19:38:33,824 run.py[line:59] INFO VRTree创建区块完成，交易VR*-tree节点数23055
2022-05-08 19:38:36,872 run.py[line:67] INFO VRTree交易查询消耗（优化前）:3.0456390380859375，访问节点数：3813
2022-05-08 19:40:27,413 run.py[line:72] INFO VRTree区块优化完成，交易VR*-tree节点数23217
2022-05-08 19:40:30,641 run.py[line:80] INFO VRTree交易查询消耗（优化后）:3.227341890335083,访问节点数：3931
2022-05-08 19:40:30,641 run.py[line:84] INFO 创建BlockDAG...
2022-05-08 19:40:34,983 run.py[line:102] INFO BlockDAG执行查询...
2022-05-08 19:40:39,916 run.py[line:110] INFO BlockDAG交易查询消耗:4.932373046875
2022-05-08 19:40:39,916 run.py[line:113] INFO scan执行查询...
2022-05-08 19:41:51,241 run.py[line:119] INFO scan交易查询消耗:71.3253231048584
2022-05-08 19:41:51,242 run.py[line:51] INFO blocksize=90
2022-05-08 19:41:51,280 run.py[line:56] INFO VRTree创建区块...
2022-05-08 19:50:33,013 run.py[line:59] INFO VRTree创建区块完成，交易VR*-tree节点数23032
2022-05-08 19:50:36,723 run.py[line:67] INFO VRTree交易查询消耗（优化前）:3.707324981689453，访问节点数：10232
2022-05-08 19:52:49,928 run.py[line:72] INFO VRTree区块优化完成，交易VR*-tree节点数23235
2022-05-08 19:52:53,729 run.py[line:80] INFO VRTree交易查询消耗（优化后）:3.7986271381378174,访问节点数：9060
2022-05-08 19:52:53,730 run.py[line:84] INFO 创建BlockDAG...
2022-05-08 19:52:58,566 run.py[line:102] INFO BlockDAG执行查询...
2022-05-08 19:53:02,810 run.py[line:110] INFO BlockDAG交易查询消耗:4.241627216339111
2022-05-08 19:53:02,810 run.py[line:113] INFO scan执行查询...
2022-05-08 19:54:12,699 run.py[line:119] INFO scan交易查询消耗:69.8887710571289
2022-05-08 19:54:12,701 run.py[line:51] INFO blocksize=110
2022-05-08 19:54:12,740 run.py[line:56] INFO VRTree创建区块...
2022-05-08 20:03:48,709 run.py[line:59] INFO VRTree创建区块完成，交易VR*-tree节点数23007
2022-05-08 20:03:51,486 run.py[line:67] INFO VRTree交易查询消耗（优化前）:2.774583101272583，访问节点数：3499
2022-05-08 20:06:36,320 run.py[line:72] INFO VRTree区块优化完成，交易VR*-tree节点数23280
2022-05-08 20:06:38,912 run.py[line:80] INFO VRTree交易查询消耗（优化后）:2.5912790298461914,访问节点数：3383
2022-05-08 20:06:38,912 run.py[line:84] INFO 创建BlockDAG...
2022-05-08 20:06:43,601 run.py[line:102] INFO BlockDAG执行查询...
2022-05-08 20:06:47,989 run.py[line:110] INFO BlockDAG交易查询消耗:4.38821816444397
2022-05-08 20:06:47,990 run.py[line:113] INFO scan执行查询...
2022-05-08 20:07:57,941 run.py[line:119] INFO scan交易查询消耗:69.95151972770691
2022-05-08 20:07:57,942 run.py[line:51] INFO blocksize=130
2022-05-08 20:07:57,983 run.py[line:56] INFO VRTree创建区块...
2022-05-09 00:05:13,097 run.py[line:28] INFO VRTree读取数据...
2022-05-09 00:05:18,042 run.py[line:51] INFO blocksize=30
2022-05-09 00:05:18,083 run.py[line:56] INFO VRTree创建区块...
2022-05-09 00:17:45,222 run.py[line:59] INFO VRTree创建区块完成，交易VR*-tree节点数23289
2022-05-09 00:17:51,624 run.py[line:67] INFO VRTree交易查询消耗（优化前）:6.401576042175293，访问节点数：9323
2022-05-09 00:19:00,830 run.py[line:72] INFO VRTree区块优化完成，交易VR*-tree节点数23601
2022-05-09 00:19:06,960 run.py[line:80] INFO VRTree交易查询消耗（优化后）:6.129833936691284,访问节点数：10641
2022-05-09 00:19:06,961 run.py[line:84] INFO 创建BlockDAG...
2022-05-09 00:19:13,425 run.py[line:102] INFO BlockDAG执行查询...
2022-05-09 00:19:21,784 run.py[line:110] INFO BlockDAG交易查询消耗:8.358407735824585
2022-05-09 00:19:21,784 run.py[line:113] INFO scan执行查询...
2022-05-09 00:22:24,560 run.py[line:28] INFO VRTree读取数据...
2022-05-09 00:22:28,224 run.py[line:51] INFO blocksize=30
2022-05-09 00:22:28,262 run.py[line:56] INFO VRTree创建区块...
2022-05-09 00:37:34,397 run.py[line:59] INFO VRTree创建区块完成，交易VR*-tree节点数23282
2022-05-09 00:37:41,016 run.py[line:67] INFO VRTree交易查询消耗（优化前）:6.618840217590332，访问节点数：3844
2022-05-09 00:39:15,247 run.py[line:72] INFO VRTree区块优化完成，交易VR*-tree节点数23521
2022-05-09 00:39:21,440 run.py[line:80] INFO VRTree交易查询消耗（优化后）:6.192752122879028,访问节点数：3820
2022-05-09 00:39:21,440 run.py[line:84] INFO 创建BlockDAG...
2022-05-09 00:39:30,985 run.py[line:102] INFO BlockDAG执行查询...
2022-05-09 00:39:41,980 run.py[line:110] INFO BlockDAG交易查询消耗:10.994771957397461
2022-05-09 00:39:41,980 run.py[line:113] INFO scan执行查询...
2022-05-09 00:40:57,905 run.py[line:119] INFO scan交易查询消耗:75.92461919784546
2022-05-09 00:40:57,906 run.py[line:51] INFO blocksize=50
2022-05-09 00:40:57,958 run.py[line:56] INFO VRTree创建区块...
2022-05-09 00:51:57,804 run.py[line:59] INFO VRTree创建区块完成，交易VR*-tree节点数23133
2022-05-09 00:52:01,034 run.py[line:67] INFO VRTree交易查询消耗（优化前）:3.2297420501708984，访问节点数：3654
2022-05-09 00:53:50,609 run.py[line:72] INFO VRTree区块优化完成，交易VR*-tree节点数23338
2022-05-09 00:53:54,061 run.py[line:80] INFO VRTree交易查询消耗（优化后）:3.4515979290008545,访问节点数：3400
2022-05-09 00:53:54,062 run.py[line:84] INFO 创建BlockDAG...
2022-05-09 00:54:00,626 run.py[line:102] INFO BlockDAG执行查询...
2022-05-09 00:54:08,105 run.py[line:110] INFO BlockDAG交易查询消耗:7.478675842285156
2022-05-09 00:54:08,106 run.py[line:113] INFO scan执行查询...
2022-05-09 00:55:10,742 run.py[line:119] INFO scan交易查询消耗:62.63623905181885
2022-05-09 00:55:10,742 run.py[line:51] INFO blocksize=70
2022-05-09 00:55:10,783 run.py[line:56] INFO VRTree创建区块...
2022-05-09 01:05:47,853 run.py[line:59] INFO VRTree创建区块完成，交易VR*-tree节点数23036
2022-05-09 01:05:50,850 run.py[line:67] INFO VRTree交易查询消耗（优化前）:2.996392011642456，访问节点数：9997
2022-05-09 01:08:11,228 run.py[line:72] INFO VRTree区块优化完成，交易VR*-tree节点数23243
2022-05-09 01:08:14,376 run.py[line:80] INFO VRTree交易查询消耗（优化后）:3.147829055786133,访问节点数：9881
2022-05-09 01:08:14,377 run.py[line:84] INFO 创建BlockDAG...
2022-05-09 01:08:20,150 run.py[line:102] INFO BlockDAG执行查询...
2022-05-09 01:08:26,199 run.py[line:110] INFO BlockDAG交易查询消耗:6.048727035522461
2022-05-09 01:08:26,199 run.py[line:113] INFO scan执行查询...
2022-05-09 01:09:25,079 run.py[line:119] INFO scan交易查询消耗:58.88010382652283
2022-05-09 01:09:25,080 run.py[line:51] INFO blocksize=90
2022-05-09 01:09:25,116 run.py[line:56] INFO VRTree创建区块...
2022-05-09 01:12:03,570 run.py[line:28] INFO VRTree读取数据...
2022-05-09 01:12:07,247 run.py[line:51] INFO blocksize=30
2022-05-09 01:12:07,284 run.py[line:56] INFO VRTree创建区块...
2022-05-09 01:23:41,414 run.py[line:59] INFO VRTree创建区块完成，交易VR*-tree节点数23269
2022-05-09 01:23:46,612 run.py[line:67] INFO VRTree交易查询消耗（优化前）:5.19774317741394，访问节点数：10648
2022-05-09 01:25:06,058 run.py[line:72] INFO VRTree区块优化完成，交易VR*-tree节点数23556
2022-05-09 01:25:10,659 run.py[line:80] INFO VRTree交易查询消耗（优化后）:4.600698947906494,访问节点数：11159
2022-05-09 01:25:10,660 run.py[line:84] INFO 创建BlockDAG...
2022-05-09 01:25:17,763 run.py[line:102] INFO BlockDAG执行查询...
2022-05-09 01:25:26,278 run.py[line:110] INFO BlockDAG交易查询消耗:8.514382123947144
2022-05-09 01:25:26,278 run.py[line:113] INFO scan执行查询...
2022-05-09 01:26:24,460 run.py[line:119] INFO scan交易查询消耗:58.181294202804565
2022-05-09 01:26:24,460 run.py[line:51] INFO blocksize=50
2022-05-09 01:26:24,507 run.py[line:56] INFO VRTree创建区块...
2022-05-09 01:28:53,336 run.py[line:28] INFO VRTree读取数据...
2022-05-09 01:28:58,273 run.py[line:51] INFO blocksize=30
2022-05-09 01:28:58,317 run.py[line:56] INFO VRTree创建区块...
2022-05-09 01:30:22,443 run.py[line:28] INFO VRTree读取数据...
2022-05-09 01:30:28,507 run.py[line:51] INFO blocksize=30
2022-05-09 01:30:28,566 run.py[line:56] INFO VRTree创建区块...
2022-05-09 01:33:19,356 run.py[line:28] INFO VRTree读取数据...
2022-05-09 01:33:23,013 run.py[line:51] INFO blocksize=30
2022-05-09 01:33:23,050 run.py[line:56] INFO VRTree创建区块...
2022-05-09 01:41:26,484 run.py[line:59] INFO VRTree创建区块完成，交易VR*-tree节点数23283
2022-05-09 01:41:30,612 run.py[line:67] INFO VRTree交易查询消耗（优化前）:4.127841949462891，访问节点数：10135
2022-05-09 01:42:15,004 run.py[line:72] INFO VRTree区块优化完成，交易VR*-tree节点数23542
2022-05-09 01:42:19,089 run.py[line:80] INFO VRTree交易查询消耗（优化后）:4.085019826889038,访问节点数：10417
2022-05-09 01:42:19,090 run.py[line:84] INFO 创建BlockDAG...
2022-05-09 01:42:24,873 run.py[line:102] INFO BlockDAG执行查询...
2022-05-09 01:42:31,551 run.py[line:110] INFO BlockDAG交易查询消耗:6.67820405960083
2022-05-09 01:42:31,551 run.py[line:113] INFO scan执行查询...
2022-05-09 01:43:13,759 run.py[line:119] INFO scan交易查询消耗:42.20724296569824
2022-05-09 01:43:13,759 run.py[line:51] INFO blocksize=50
2022-05-09 01:43:13,800 run.py[line:56] INFO VRTree创建区块...
2022-05-09 01:48:35,716 run.py[line:59] INFO VRTree创建区块完成，交易VR*-tree节点数23132
2022-05-09 01:48:38,285 run.py[line:67] INFO VRTree交易查询消耗（优化前）:2.5678911209106445，访问节点数：4198
2022-05-09 01:50:10,890 run.py[line:72] INFO VRTree区块优化完成，交易VR*-tree节点数23258
2022-05-09 01:50:13,177 run.py[line:80] INFO VRTree交易查询消耗（优化后）:2.2862231731414795,访问节点数：4498
2022-05-09 01:50:13,177 run.py[line:84] INFO 创建BlockDAG...
2022-05-09 01:50:17,447 run.py[line:102] INFO BlockDAG执行查询...
2022-05-09 01:50:22,528 run.py[line:110] INFO BlockDAG交易查询消耗:5.080019950866699
2022-05-09 01:50:22,528 run.py[line:113] INFO scan执行查询...
2022-05-09 01:51:17,140 run.py[line:119] INFO scan交易查询消耗:54.61181902885437
2022-05-09 01:51:17,140 run.py[line:51] INFO blocksize=70
2022-05-09 01:51:17,176 run.py[line:56] INFO VRTree创建区块...
2022-05-09 01:57:38,757 run.py[line:59] INFO VRTree创建区块完成，交易VR*-tree节点数23054
2022-05-09 01:57:40,448 run.py[line:67] INFO VRTree交易查询消耗（优化前）:1.6909849643707275，访问节点数：10280
2022-05-09 01:59:47,099 run.py[line:72] INFO VRTree区块优化完成，交易VR*-tree节点数23216
2022-05-09 01:59:54,074 run.py[line:80] INFO VRTree交易查询消耗（优化后）:6.974225997924805,访问节点数：8919
2022-05-09 01:59:54,074 run.py[line:84] INFO 创建BlockDAG...
2022-05-09 01:59:59,433 run.py[line:102] INFO BlockDAG执行查询...
2022-05-09 02:00:04,245 run.py[line:110] INFO BlockDAG交易查询消耗:4.811650991439819
2022-05-09 02:00:04,245 run.py[line:113] INFO scan执行查询...
2022-05-09 02:01:01,248 run.py[line:119] INFO scan交易查询消耗:57.00266695022583
2022-05-09 02:01:01,248 run.py[line:51] INFO blocksize=90
2022-05-09 02:01:01,282 run.py[line:56] INFO VRTree创建区块...
2022-05-09 02:07:31,119 run.py[line:59] INFO VRTree创建区块完成，交易VR*-tree节点数23028
2022-05-09 02:07:32,571 run.py[line:67] INFO VRTree交易查询消耗（优化前）:1.4519140720367432，访问节点数：4256
2022-05-09 02:10:14,230 run.py[line:72] INFO VRTree区块优化完成，交易VR*-tree节点数23245
2022-05-09 02:10:16,108 run.py[line:80] INFO VRTree交易查询消耗（优化后）:1.8773000240325928,访问节点数：4170
2022-05-09 02:10:16,108 run.py[line:84] INFO 创建BlockDAG...
2022-05-09 02:10:20,620 run.py[line:102] INFO BlockDAG执行查询...
2022-05-09 02:10:24,474 run.py[line:110] INFO BlockDAG交易查询消耗:3.8533780574798584
2022-05-09 02:10:24,474 run.py[line:113] INFO scan执行查询...
2022-05-09 02:11:40,165 run.py[line:119] INFO scan交易查询消耗:75.69135212898254
2022-05-09 02:11:40,166 run.py[line:51] INFO blocksize=110
2022-05-09 02:11:40,222 run.py[line:56] INFO VRTree创建区块...
2022-05-09 02:18:19,651 run.py[line:59] INFO VRTree创建区块完成，交易VR*-tree节点数22996
2022-05-09 02:18:21,006 run.py[line:67] INFO VRTree交易查询消耗（优化前）:1.355219841003418，访问节点数：4043
2022-05-09 02:22:17,437 run.py[line:72] INFO VRTree区块优化完成，交易VR*-tree节点数23359
2022-05-09 02:22:19,870 run.py[line:80] INFO VRTree交易查询消耗（优化后）:2.431973934173584,访问节点数：4321
2022-05-09 02:22:19,870 run.py[line:84] INFO 创建BlockDAG...
2022-05-09 02:22:24,715 run.py[line:102] INFO BlockDAG执行查询...
2022-05-09 02:22:28,809 run.py[line:110] INFO BlockDAG交易查询消耗:4.0936119556427
2022-05-09 02:22:28,810 run.py[line:113] INFO scan执行查询...
2022-05-09 02:23:25,475 run.py[line:119] INFO scan交易查询消耗:56.66536498069763
2022-05-09 02:23:25,475 run.py[line:51] INFO blocksize=130
2022-05-09 02:23:25,509 run.py[line:56] INFO VRTree创建区块...
2022-05-09 09:58:05,908 run.py[line:28] INFO VRTree读取数据...
2022-05-09 09:58:10,420 run.py[line:51] INFO blocksize=30
2022-05-09 09:58:10,461 run.py[line:56] INFO VRTree创建区块...
2022-05-09 10:05:50,826 run.py[line:28] INFO VRTree读取数据...
2022-05-09 10:05:55,993 run.py[line:51] INFO blocksize=30
2022-05-09 10:05:56,039 run.py[line:56] INFO VRTree创建区块...
2022-05-09 10:15:52,072 run.py[line:59] INFO VRTree创建区块完成，交易VR*-tree节点数23263
2022-05-09 10:15:58,057 run.py[line:67] INFO VRTree交易查询消耗（优化前）:5.9845497608184814，访问节点数：3801
2022-05-09 10:17:02,565 run.py[line:72] INFO VRTree区块优化完成，交易VR*-tree节点数23535
2022-05-09 10:17:08,589 run.py[line:80] INFO VRTree交易查询消耗（优化后）:6.0243000984191895,访问节点数：4516
2022-05-09 10:17:08,590 run.py[line:84] INFO 创建BlockDAG...
2022-05-09 10:17:16,003 run.py[line:102] INFO BlockDAG执行查询...
2022-05-09 10:17:24,486 run.py[line:110] INFO BlockDAG交易查询消耗:8.482418775558472
2022-05-09 10:17:24,486 run.py[line:113] INFO scan执行查询...
2022-05-09 10:18:18,553 run.py[line:119] INFO scan交易查询消耗:54.06603717803955
2022-05-09 10:18:18,553 run.py[line:51] INFO blocksize=50
2022-05-09 10:18:18,597 run.py[line:56] INFO VRTree创建区块...
2022-05-09 10:24:55,434 run.py[line:59] INFO VRTree创建区块完成，交易VR*-tree节点数23142
2022-05-09 10:24:59,663 run.py[line:67] INFO VRTree交易查询消耗（优化前）:4.228549957275391，访问节点数：10033
2022-05-09 10:26:41,564 run.py[line:72] INFO VRTree区块优化完成，交易VR*-tree节点数23282
2022-05-09 10:26:45,916 run.py[line:80] INFO VRTree交易查询消耗（优化后）:4.351462125778198,访问节点数：11067
2022-05-09 10:26:45,916 run.py[line:84] INFO 创建BlockDAG...
2022-05-09 10:26:53,443 run.py[line:102] INFO BlockDAG执行查询...
2022-05-09 10:27:01,686 run.py[line:110] INFO BlockDAG交易查询消耗:8.242626905441284
2022-05-09 10:27:01,687 run.py[line:113] INFO scan执行查询...
2022-05-09 10:28:12,701 run.py[line:119] INFO scan交易查询消耗:71.01404285430908
2022-05-09 10:28:12,701 run.py[line:51] INFO blocksize=70
2022-05-09 10:28:12,764 run.py[line:56] INFO VRTree创建区块...
2022-05-09 10:35:07,358 run.py[line:59] INFO VRTree创建区块完成，交易VR*-tree节点数23043
2022-05-09 10:35:09,218 run.py[line:67] INFO VRTree交易查询消耗（优化前）:1.8602988719940186，访问节点数：4319
2022-05-09 10:36:50,154 run.py[line:72] INFO VRTree区块优化完成，交易VR*-tree节点数23221
2022-05-09 10:36:52,216 run.py[line:80] INFO VRTree交易查询消耗（优化后）:2.0612919330596924,访问节点数：4754
2022-05-09 10:36:52,216 run.py[line:84] INFO 创建BlockDAG...
2022-05-09 10:36:57,532 run.py[line:102] INFO BlockDAG执行查询...
2022-05-09 10:37:03,266 run.py[line:110] INFO BlockDAG交易查询消耗:5.734086990356445
2022-05-09 10:37:03,267 run.py[line:113] INFO scan执行查询...
2022-05-09 10:37:56,002 run.py[line:119] INFO scan交易查询消耗:52.73473405838013
2022-05-09 10:37:56,002 run.py[line:51] INFO blocksize=90
2022-05-09 10:37:56,037 run.py[line:56] INFO VRTree创建区块...
2022-05-09 10:43:27,147 run.py[line:59] INFO VRTree创建区块完成，交易VR*-tree节点数23022
2022-05-09 10:43:29,540 run.py[line:67] INFO VRTree交易查询消耗（优化前）:2.3923072814941406，访问节点数：9815
2022-05-09 10:45:31,673 run.py[line:72] INFO VRTree区块优化完成，交易VR*-tree节点数23180
2022-05-09 10:45:33,956 run.py[line:80] INFO VRTree交易查询消耗（优化后）:2.282388925552368,访问节点数：9776
2022-05-09 10:45:33,956 run.py[line:84] INFO 创建BlockDAG...
2022-05-09 10:45:39,118 run.py[line:102] INFO BlockDAG执行查询...
2022-05-09 10:45:44,089 run.py[line:110] INFO BlockDAG交易查询消耗:4.97106671333313
2022-05-09 10:45:44,089 run.py[line:113] INFO scan执行查询...
2022-05-09 10:46:35,183 run.py[line:119] INFO scan交易查询消耗:51.09384608268738
2022-05-09 10:46:35,184 run.py[line:51] INFO blocksize=110
2022-05-09 10:46:35,227 run.py[line:56] INFO VRTree创建区块...
2022-05-09 10:52:08,020 run.py[line:59] INFO VRTree创建区块完成，交易VR*-tree节点数22993
2022-05-09 10:52:10,007 run.py[line:67] INFO VRTree交易查询消耗（优化前）:1.9864139556884766，访问节点数：4361
2022-05-09 10:55:02,288 run.py[line:72] INFO VRTree区块优化完成，交易VR*-tree节点数23378
2022-05-09 10:55:04,381 run.py[line:80] INFO VRTree交易查询消耗（优化后）:2.093031167984009,访问节点数：4731
2022-05-09 10:55:04,382 run.py[line:84] INFO 创建BlockDAG...
2022-05-09 10:55:08,714 run.py[line:102] INFO BlockDAG执行查询...
2022-05-09 10:55:13,330 run.py[line:110] INFO BlockDAG交易查询消耗:4.615715742111206
2022-05-09 10:55:13,330 run.py[line:113] INFO scan执行查询...
2022-05-09 10:56:07,690 run.py[line:119] INFO scan交易查询消耗:54.35955190658569
2022-05-09 10:56:07,690 run.py[line:51] INFO blocksize=130
2022-05-09 10:56:07,728 run.py[line:56] INFO VRTree创建区块...
2022-05-09 11:01:48,911 run.py[line:59] INFO VRTree创建区块完成，交易VR*-tree节点数22977
2022-05-09 11:01:50,317 run.py[line:67] INFO VRTree交易查询消耗（优化前）:1.405256986618042，访问节点数：4278
2022-05-09 11:05:32,868 run.py[line:72] INFO VRTree区块优化完成，交易VR*-tree节点数23624
2022-05-09 11:05:34,338 run.py[line:80] INFO VRTree交易查询消耗（优化后）:1.4698851108551025,访问节点数：4631
2022-05-09 11:05:34,338 run.py[line:84] INFO 创建BlockDAG...
2022-05-09 11:05:38,584 run.py[line:102] INFO BlockDAG执行查询...
2022-05-09 11:05:42,408 run.py[line:110] INFO BlockDAG交易查询消耗:3.824021816253662
2022-05-09 11:05:42,409 run.py[line:113] INFO scan执行查询...
2022-05-09 11:06:30,581 run.py[line:119] INFO scan交易查询消耗:48.17197108268738
2022-05-09 11:06:30,581 run.py[line:51] INFO blocksize=150
2022-05-09 11:06:30,615 run.py[line:56] INFO VRTree创建区块...
2022-05-09 12:11:13,313 run.py[line:28] INFO VRTree读取数据...
2022-05-09 12:11:17,812 run.py[line:51] INFO blocksize=500
2022-05-09 12:11:17,853 run.py[line:56] INFO VRTree创建区块...
2022-05-09 12:19:45,537 run.py[line:28] INFO VRTree读取数据...
2022-05-09 12:19:54,554 run.py[line:51] INFO blocksize=500
2022-05-09 12:19:54,637 run.py[line:56] INFO VRTree创建区块...
2022-05-09 12:31:33,969 run.py[line:59] INFO VRTree创建区块完成，交易VR*-tree节点数23276
2022-05-09 12:31:36,341 run.py[line:67] INFO VRTree交易查询消耗（优化前）:2.371528148651123，访问节点数：3929
2022-05-09 12:54:42,079 run.py[line:28] INFO VRTree读取数据...
2022-05-09 12:54:49,617 run.py[line:51] INFO blocksize=500
2022-05-09 12:54:49,687 run.py[line:56] INFO VRTree创建区块...
2022-05-09 20:59:58,371 run.py[line:28] INFO VRTree读取数据...
2022-05-09 21:00:02,899 run.py[line:51] INFO blocksize=500
2022-05-09 21:00:02,952 run.py[line:56] INFO VRTree创建区块...
2022-05-09 21:01:41,389 run.py[line:28] INFO VRTree读取数据...
2022-05-09 21:01:45,551 run.py[line:51] INFO blocksize=500
2022-05-09 21:01:45,591 run.py[line:56] INFO VRTree创建区块...
2022-05-09 21:19:18,039 run.py[line:28] INFO VRTree读取数据...
2022-05-09 21:19:21,788 run.py[line:51] INFO blocksize=500
2022-05-09 21:19:21,835 run.py[line:56] INFO VRTree创建区块...
2022-05-09 22:25:03,212 run.py[line:28] INFO VRTree读取数据...
2022-05-09 22:25:07,170 run.py[line:51] INFO blocksize=500
2022-05-09 22:25:07,206 run.py[line:56] INFO VRTree创建区块...
2022-05-09 22:33:17,360 run.py[line:28] INFO VRTree读取数据...
2022-05-09 22:33:21,073 run.py[line:51] INFO blocksize=500
2022-05-09 22:33:21,113 run.py[line:56] INFO VRTree创建区块...
2022-05-10 00:24:30,137 run.py[line:28] INFO VRTree读取数据...
2022-05-10 00:24:33,952 run.py[line:51] INFO blocksize=500
2022-05-10 00:24:33,991 run.py[line:56] INFO VRTree创建区块...
2022-05-10 00:36:26,104 run.py[line:28] INFO VRTree读取数据...
2022-05-10 00:36:29,752 run.py[line:51] INFO blocksize=500
2022-05-10 00:36:29,789 run.py[line:56] INFO VRTree创建区块...
2022-05-10 00:38:06,323 run.py[line:28] INFO VRTree读取数据...
2022-05-10 00:38:11,418 run.py[line:51] INFO blocksize=500
2022-05-10 00:38:11,459 run.py[line:56] INFO VRTree创建区块...
2022-05-10 00:45:25,905 run.py[line:59] INFO VRTree创建区块完成，交易VR*-tree节点总数=23127,平均=608.6052631578947,深度=3
2022-05-10 00:45:27,121 run.py[line:67] INFO VRTree交易查询消耗（优化前）:1.2133550643920898，访问节点数：3635
2022-05-10 00:49:28,037 run.py[line:73] INFO VRTree区块优化完成，交易VR*-tree节点总数=23728,平均=624.421052631579,深度=3
2022-05-10 00:49:29,621 run.py[line:82] INFO VRTree交易查询消耗（优化后）:1.5825440883636475,访问节点数：3787
2022-05-10 00:49:29,621 run.py[line:86] INFO 创建BlockDAG...
2022-05-10 00:49:34,062 run.py[line:104] INFO BlockDAG执行查询...
2022-05-10 00:49:34,477 run.py[line:112] INFO BlockDAG交易查询消耗:0.41444873809814453
2022-05-10 00:49:34,477 run.py[line:115] INFO scan执行查询...
2022-05-10 00:50:16,965 run.py[line:28] INFO VRTree读取数据...
2022-05-10 00:50:21,769 run.py[line:51] INFO blocksize=500
2022-05-10 00:50:21,809 run.py[line:56] INFO VRTree创建区块...
2022-05-10 00:53:00,174 run.py[line:59] INFO VRTree创建区块完成，交易VR*-tree节点总数=23999,平均=631.5526315789474,深度=4
2022-05-10 00:53:01,610 run.py[line:67] INFO VRTree交易查询消耗（优化前）:1.4358172416687012，访问节点数：3820
2022-05-10 00:53:58,397 run.py[line:73] INFO VRTree区块优化完成，交易VR*-tree节点总数=23732,平均=624.5263157894736,深度=4
2022-05-10 00:53:59,994 run.py[line:82] INFO VRTree交易查询消耗（优化后）:1.5971193313598633,访问节点数：4274
2022-05-10 00:53:59,994 run.py[line:86] INFO 创建BlockDAG...
2022-05-10 00:54:04,421 run.py[line:104] INFO BlockDAG执行查询...
2022-05-10 00:54:04,864 run.py[line:112] INFO BlockDAG交易查询消耗:0.4421391487121582
2022-05-10 00:54:04,864 run.py[line:115] INFO scan执行查询...
2022-05-10 01:00:08,774 run.py[line:28] INFO VRTree读取数据...
2022-05-10 01:00:12,461 run.py[line:51] INFO blocksize=50
2022-05-10 01:00:12,500 run.py[line:56] INFO VRTree创建区块...
2022-05-10 01:06:46,085 run.py[line:59] INFO VRTree创建区块完成，交易VR*-tree节点总数=23928,平均=63.808,深度=3
2022-05-10 01:06:48,703 run.py[line:67] INFO VRTree交易查询消耗（优化前）:2.6148407459259033，访问节点数：4167
2022-05-10 01:07:21,184 run.py[line:73] INFO VRTree区块优化完成，交易VR*-tree节点总数=23884,平均=63.690666666666665,深度=3
2022-05-10 01:07:24,009 run.py[line:82] INFO VRTree交易查询消耗（优化后）:2.824566125869751,访问节点数：4397
2022-05-10 01:07:24,009 run.py[line:86] INFO 创建BlockDAG...
2022-05-10 01:07:30,389 run.py[line:104] INFO BlockDAG执行查询...
2022-05-10 01:07:36,834 run.py[line:112] INFO BlockDAG交易查询消耗:6.444321870803833
2022-05-10 01:07:36,834 run.py[line:115] INFO scan执行查询...
2022-05-10 01:08:31,256 run.py[line:121] INFO scan交易查询消耗:54.42175817489624
2022-05-10 15:16:41,214 run.py[line:28] INFO VRTree读取数据...
2022-05-10 15:16:44,841 run.py[line:51] INFO blocksize=50
2022-05-10 15:16:44,881 run.py[line:56] INFO VRTree创建区块...
2022-05-10 15:21:52,474 run.py[line:59] INFO VRTree创建区块完成，交易VR*-tree节点总数=23944,平均=63.85066666666667,深度=3
2022-05-10 15:21:55,364 run.py[line:67] INFO VRTree交易查询消耗（优化前）:2.889977216720581，访问节点数：7679
2022-05-10 15:21:58,449 run.py[line:73] INFO VRTree区块优化完成，交易VR*-tree节点总数=23944,平均=63.85066666666667,深度=3
2022-05-10 15:22:01,395 run.py[line:82] INFO VRTree交易查询消耗（优化后）:2.9456892013549805,访问节点数：8651
2022-05-10 15:22:01,395 run.py[line:86] INFO 创建BlockDAG...
2022-05-10 15:22:06,536 run.py[line:104] INFO BlockDAG执行查询...
2022-05-10 15:22:12,087 run.py[line:112] INFO BlockDAG交易查询消耗:5.551575660705566
2022-05-10 15:22:12,088 run.py[line:115] INFO scan执行查询...
2022-05-10 15:22:55,978 run.py[line:121] INFO scan交易查询消耗:43.8897430896759
2022-05-10 15:22:56,004 run.py[line:28] INFO VRTree读取数据...
2022-05-10 15:22:59,802 run.py[line:51] INFO blocksize=50
2022-05-10 15:22:59,838 run.py[line:56] INFO VRTree创建区块...
2022-05-10 15:28:15,985 run.py[line:59] INFO VRTree创建区块完成，交易VR*-tree节点总数=23938,平均=63.834666666666664,深度=3
2022-05-10 15:28:18,775 run.py[line:67] INFO VRTree交易查询消耗（优化前）:2.7895328998565674，访问节点数：7550
2022-05-10 15:28:21,707 run.py[line:73] INFO VRTree区块优化完成，交易VR*-tree节点总数=23938,平均=63.834666666666664,深度=3
2022-05-10 15:28:24,607 run.py[line:82] INFO VRTree交易查询消耗（优化后）:2.900238037109375,访问节点数：8284
2022-05-10 15:28:24,608 run.py[line:86] INFO 创建BlockDAG...
2022-05-10 15:28:29,484 run.py[line:104] INFO BlockDAG执行查询...
2022-05-10 15:28:35,127 run.py[line:112] INFO BlockDAG交易查询消耗:5.6428821086883545
2022-05-10 15:28:35,127 run.py[line:115] INFO scan执行查询...
2022-05-10 15:29:19,271 run.py[line:121] INFO scan交易查询消耗:44.144044160842896
2022-05-11 01:22:34,021 run.py[line:28] INFO VRTree读取数据...
2022-05-11 01:22:37,603 run.py[line:51] INFO blocksize=50
2022-05-11 01:22:37,643 run.py[line:56] INFO VRTree创建区块...
2022-05-11 01:29:38,998 run.py[line:59] INFO VRTree创建区块完成，交易VR*-tree节点总数=23940,平均=63.84,深度=3
2022-05-11 01:29:42,134 run.py[line:67] INFO VRTree交易查询消耗（优化前）:3.1343491077423096，访问节点数：3915
2022-05-11 01:39:41,802 run.py[line:28] INFO VRTree读取数据...
2022-05-11 01:39:45,755 run.py[line:51] INFO blocksize=50
2022-05-11 01:39:45,796 run.py[line:56] INFO VRTree创建区块...
2022-05-11 01:43:53,987 run.py[line:28] INFO VRTree读取数据...
2022-05-11 01:43:58,174 run.py[line:51] INFO blocksize=50
2022-05-11 01:43:58,212 run.py[line:56] INFO VRTree创建区块...
2022-05-11 01:49:45,838 run.py[line:59] INFO VRTree创建区块完成，交易VR*-tree节点总数=23963,平均=63.90133333333333,深度=3
2022-05-11 01:49:48,131 run.py[line:67] INFO VRTree交易查询消耗（优化前）:2.2921741008758545，访问节点数：3515
2022-05-11 01:52:53,990 run.py[line:28] INFO VRTree读取数据...
2022-05-11 01:52:57,790 run.py[line:51] INFO blocksize=50
2022-05-11 01:52:57,827 run.py[line:56] INFO VRTree创建区块...
2022-05-11 01:58:20,043 run.py[line:59] INFO VRTree创建区块完成，交易VR*-tree节点总数=23939,平均=63.83733333333333,深度=3
2022-05-11 01:58:22,719 run.py[line:67] INFO VRTree交易查询消耗（优化前）:2.676020860671997，访问节点数：3933
2022-05-11 01:59:47,906 run.py[line:28] INFO VRTree读取数据...
2022-05-11 01:59:51,932 run.py[line:51] INFO blocksize=50
2022-05-11 01:59:51,973 run.py[line:56] INFO VRTree创建区块...
2022-05-11 02:05:14,809 run.py[line:59] INFO VRTree创建区块完成，交易VR*-tree节点总数=23937,平均=63.832,深度=3
2022-05-11 02:05:18,122 run.py[line:67] INFO VRTree交易查询消耗（优化前）:3.310842990875244，访问节点数：4296
2022-05-11 02:06:19,418 run.py[line:28] INFO VRTree读取数据...
2022-05-11 02:06:23,367 run.py[line:51] INFO blocksize=50
2022-05-11 02:06:23,409 run.py[line:56] INFO VRTree创建区块...
2022-05-11 02:12:18,914 run.py[line:59] INFO VRTree创建区块完成，交易VR*-tree节点总数=23977,平均=63.93866666666667,深度=3
2022-05-11 02:12:22,212 run.py[line:67] INFO VRTree交易查询消耗（优化前）:3.2973392009735107，访问节点数：3956
2022-05-11 02:21:22,502 run.py[line:28] INFO VRTree读取数据...
2022-05-11 02:21:26,767 run.py[line:51] INFO blocksize=50
2022-05-11 02:21:26,810 run.py[line:56] INFO VRTree创建区块...
2022-05-11 02:29:30,756 run.py[line:28] INFO VRTree读取数据...
2022-05-11 02:29:34,673 run.py[line:51] INFO blocksize=50
2022-05-11 02:29:34,715 run.py[line:56] INFO VRTree创建区块...
2022-05-11 02:36:22,593 run.py[line:59] INFO VRTree创建区块完成，交易VR*-tree节点总数=23949,平均=63.864,深度=3
2022-05-11 02:36:25,678 run.py[line:67] INFO VRTree交易查询消耗（优化前）:3.08243727684021，访问节点数：4182
2022-05-11 02:37:27,025 run.py[line:28] INFO VRTree读取数据...
2022-05-11 02:37:30,984 run.py[line:51] INFO blocksize=50
2022-05-11 02:37:31,032 run.py[line:56] INFO VRTree创建区块...
2022-05-11 02:43:54,180 run.py[line:59] INFO VRTree创建区块完成，交易VR*-tree节点总数=23946,平均=63.856,深度=3
2022-05-11 02:43:57,670 run.py[line:67] INFO VRTree交易查询消耗（优化前）:3.4896700382232666，访问节点数：8662
2022-05-11 02:45:26,537 run.py[line:28] INFO VRTree读取数据...
2022-05-11 02:45:30,237 run.py[line:51] INFO blocksize=50
2022-05-11 02:45:30,275 run.py[line:56] INFO VRTree创建区块...
2022-05-11 02:51:33,229 run.py[line:59] INFO VRTree创建区块完成，交易VR*-tree节点总数=23956,平均=63.882666666666665,深度=3
2022-05-11 02:51:36,529 run.py[line:67] INFO VRTree交易查询消耗（优化前）:3.30024790763855，访问节点数：7613
2022-05-11 02:54:13,086 run.py[line:28] INFO VRTree读取数据...
2022-05-11 02:54:16,759 run.py[line:51] INFO blocksize=50
2022-05-11 02:54:16,797 run.py[line:56] INFO VRTree创建区块...
2022-05-11 03:00:44,653 run.py[line:59] INFO VRTree创建区块完成，交易VR*-tree节点总数=23937,平均=63.832,深度=3
2022-05-11 03:00:47,793 run.py[line:67] INFO VRTree交易查询消耗（优化前）:3.1394848823547363，访问节点数：3872
2022-05-11 03:01:18,136 run.py[line:28] INFO VRTree读取数据...
2022-05-11 03:01:22,591 run.py[line:51] INFO blocksize=50
2022-05-11 03:01:22,637 run.py[line:56] INFO VRTree创建区块...
2022-05-11 03:07:50,533 run.py[line:59] INFO VRTree创建区块完成，交易VR*-tree节点总数=23935,平均=63.82666666666667,深度=3
2022-05-11 03:07:53,864 run.py[line:67] INFO VRTree交易查询消耗（优化前）:3.3301632404327393，访问节点数：4061
2022-05-11 03:08:37,538 run.py[line:28] INFO VRTree读取数据...
2022-05-11 03:08:41,718 run.py[line:51] INFO blocksize=50
2022-05-11 03:08:41,760 run.py[line:56] INFO VRTree创建区块...
2022-05-11 03:15:09,200 run.py[line:59] INFO VRTree创建区块完成，交易VR*-tree节点总数=23951,平均=63.86933333333333,深度=3
2022-05-11 03:15:12,987 run.py[line:67] INFO VRTree交易查询消耗（优化前）:3.7868330478668213，访问节点数：5722
2022-05-11 03:17:14,775 run.py[line:28] INFO VRTree读取数据...
2022-05-11 03:17:20,217 run.py[line:51] INFO blocksize=50
2022-05-11 03:17:20,266 run.py[line:56] INFO VRTree创建区块...
2022-05-11 03:23:14,094 run.py[line:59] INFO VRTree创建区块完成，交易VR*-tree节点总数=23943,平均=63.848,深度=3
2022-05-11 03:23:17,540 run.py[line:67] INFO VRTree交易查询消耗（优化前）:3.4458398818969727，访问节点数：10495
2022-05-11 03:25:28,363 run.py[line:28] INFO VRTree读取数据...
2022-05-11 03:25:32,472 run.py[line:51] INFO blocksize=50
2022-05-11 03:25:32,511 run.py[line:56] INFO VRTree创建区块...
2022-05-11 03:30:50,150 run.py[line:59] INFO VRTree创建区块完成，交易VR*-tree节点总数=23960,平均=63.89333333333333,深度=3
2022-05-11 03:30:52,723 run.py[line:67] INFO VRTree交易查询消耗（优化前）:2.5724048614501953，访问节点数：3869
2022-05-11 03:37:05,288 run.py[line:73] INFO VRTree区块优化完成，交易VR*-tree节点总数=24534,平均=65.424,深度=3
2022-05-11 03:37:08,275 run.py[line:82] INFO VRTree交易查询消耗（优化后）:2.9860432147979736,访问节点数：1608
2022-05-11 03:37:08,275 run.py[line:86] INFO 创建BlockDAG...
2022-05-11 03:37:14,297 run.py[line:104] INFO BlockDAG执行查询...
2022-05-11 03:37:20,200 run.py[line:112] INFO BlockDAG交易查询消耗:5.903347969055176
2022-05-11 03:37:20,201 run.py[line:115] INFO scan执行查询...
2022-05-11 03:38:22,892 run.py[line:28] INFO VRTree读取数据...
2022-05-11 03:38:27,188 run.py[line:51] INFO blocksize=50
2022-05-11 03:38:27,226 run.py[line:56] INFO VRTree创建区块...
2022-05-11 03:44:10,076 run.py[line:59] INFO VRTree创建区块完成，交易VR*-tree节点总数=23964,平均=63.904,深度=3
2022-05-11 03:44:13,496 run.py[line:67] INFO VRTree交易查询消耗（优化前）:3.4198877811431885，访问节点数：4058
2022-05-11 03:48:24,192 run.py[line:73] INFO VRTree区块优化完成，交易VR*-tree节点总数=24524,平均=65.39733333333334,深度=3
2022-05-11 03:48:27,083 run.py[line:82] INFO VRTree交易查询消耗（优化后）:2.890795946121216,访问节点数：2138
2022-05-11 03:48:27,083 run.py[line:86] INFO 创建BlockDAG...
2022-05-11 03:48:34,364 run.py[line:104] INFO BlockDAG执行查询...
2022-05-11 03:48:42,131 run.py[line:112] INFO BlockDAG交易查询消耗:7.766623020172119
2022-05-11 03:48:42,132 run.py[line:115] INFO scan执行查询...
