2022-05-21 03:26:51,794 run.py[line:30] INFO VRTree读取数据...
2022-05-21 03:26:52,770 run.py[line:66] INFO blocksize=20
2022-05-21 03:26:52,787 run.py[line:72] INFO VRTree创建区块...
2022-05-21 03:27:14,174 run.py[line:75] INFO VRTree创建区块完成，交易VR*-tree节点总数=23507,平均=25.08751334044824,深度=2
2022-05-21 03:27:16,287 run.py[line:83] INFO VRTree交易查询消耗（优化前）:2.111384391784668，访问节点数：7375
2022-05-21 03:28:05,868 run.py[line:92] INFO VRTree区块优化完成，交易VR*-tree节点总数=26080,平均=27.83351120597652,深度=2
2022-05-21 03:28:07,941 run.py[line:101] INFO VRTree交易查询消耗（优化后）:2.0714564323425293,访问节点数：5349
2022-05-21 03:28:07,941 run.py[line:108] INFO 创建BlockDAG...
2022-05-21 03:28:10,336 run.py[line:112] INFO 创建BlockDAG完成, depth=3
2022-05-21 03:28:10,339 run.py[line:127] INFO BlockDAG执行查询...
2022-05-21 03:28:15,614 run.py[line:137] INFO BlockDAG交易查询消耗:5.274900436401367,size=122928.0
2022-05-21 03:28:15,615 run.py[line:66] INFO blocksize=40
2022-05-21 03:28:15,615 run.py[line:72] INFO VRTree创建区块...
2022-05-21 03:28:53,022 run.py[line:30] INFO VRTree读取数据...
2022-05-21 03:28:54,133 run.py[line:66] INFO blocksize=20
2022-05-21 03:28:54,152 run.py[line:72] INFO VRTree创建区块...
2022-05-21 03:29:17,147 run.py[line:75] INFO VRTree创建区块完成，交易VR*-tree节点总数=23501,平均=25.08110992529349,深度=2
2022-05-21 03:29:19,120 run.py[line:83] INFO VRTree交易查询消耗（优化前）:1.9726917743682861，访问节点数：5546
2022-05-21 03:29:54,814 run.py[line:30] INFO VRTree读取数据...
2022-05-21 03:29:55,961 run.py[line:66] INFO blocksize=20
2022-05-21 03:29:55,979 run.py[line:72] INFO VRTree创建区块...
2022-05-21 03:30:19,764 run.py[line:75] INFO VRTree创建区块完成，交易VR*-tree节点总数=23519,平均=25.100320170757737,深度=2
2022-05-21 03:30:21,720 run.py[line:83] INFO VRTree交易查询消耗（优化前）:1.9557621479034424，访问节点数：4307
2022-05-21 03:31:16,418 run.py[line:30] INFO VRTree读取数据...
2022-05-21 03:31:17,541 run.py[line:66] INFO blocksize=20
2022-05-21 03:31:17,558 run.py[line:72] INFO VRTree创建区块...
2022-05-21 03:31:40,984 run.py[line:75] INFO VRTree创建区块完成，交易VR*-tree节点总数=23502,平均=25.082177161152615,深度=2
2022-05-21 03:31:42,851 run.py[line:83] INFO VRTree交易查询消耗（优化前）:1.8670036792755127，访问节点数：3928
2022-05-21 03:32:30,382 run.py[line:30] INFO VRTree读取数据...
2022-05-21 03:32:31,439 run.py[line:66] INFO blocksize=20
2022-05-21 03:32:31,456 run.py[line:72] INFO VRTree创建区块...
2022-05-21 03:32:54,127 run.py[line:75] INFO VRTree创建区块完成，交易VR*-tree节点总数=23507,平均=25.08751334044824,深度=2
2022-05-21 03:33:01,634 run.py[line:83] INFO VRTree交易查询消耗（优化前）:7.50590181350708，访问节点数：21880
2022-05-21 03:33:57,229 run.py[line:92] INFO VRTree区块优化完成，交易VR*-tree节点总数=26135,平均=27.892209178228388,深度=2
2022-05-21 03:34:05,638 run.py[line:101] INFO VRTree交易查询消耗（优化后）:8.4085214138031,访问节点数：21155
2022-05-21 03:34:05,638 run.py[line:108] INFO 创建BlockDAG...
2022-05-21 03:34:08,288 run.py[line:112] INFO 创建BlockDAG完成, depth=5
2022-05-21 03:34:08,289 run.py[line:127] INFO BlockDAG执行查询...
2022-05-21 03:34:35,824 run.py[line:30] INFO VRTree读取数据...
2022-05-21 03:34:36,872 run.py[line:66] INFO blocksize=20
2022-05-21 03:34:36,889 run.py[line:72] INFO VRTree创建区块...
2022-05-21 03:34:59,404 run.py[line:75] INFO VRTree创建区块完成，交易VR*-tree节点总数=23512,平均=25.092849519743865,深度=2
2022-05-21 03:35:08,139 run.py[line:83] INFO VRTree交易查询消耗（优化前）:8.73564076423645，访问节点数：21040
2022-05-21 03:35:48,939 run.py[line:30] INFO VRTree读取数据...
2022-05-21 03:35:50,053 run.py[line:66] INFO blocksize=20
2022-05-21 03:35:50,071 run.py[line:72] INFO VRTree创建区块...
2022-05-21 03:36:13,546 run.py[line:75] INFO VRTree创建区块完成，交易VR*-tree节点总数=23508,平均=25.088580576307365,深度=2
2022-05-21 03:36:21,745 run.py[line:83] INFO VRTree交易查询消耗（优化前）:8.19811463356018，访问节点数：22571
2022-05-21 03:37:56,257 run.py[line:30] INFO VRTree读取数据...
2022-05-21 03:37:57,392 run.py[line:66] INFO blocksize=20
2022-05-21 03:37:57,409 run.py[line:72] INFO VRTree创建区块...
2022-05-21 03:38:20,778 run.py[line:75] INFO VRTree创建区块完成，交易VR*-tree节点总数=23506,平均=25.086446104589115,深度=2
2022-05-21 03:38:28,631 run.py[line:83] INFO VRTree交易查询消耗（优化前）:7.852039337158203，访问节点数：21623
2022-05-21 03:39:26,093 run.py[line:92] INFO VRTree区块优化完成，交易VR*-tree节点总数=26153,平均=27.911419423692635,深度=2
2022-05-21 03:39:34,739 run.py[line:101] INFO VRTree交易查询消耗（优化后）:8.645854711532593,访问节点数：20622
2022-05-21 03:39:34,739 run.py[line:108] INFO 创建BlockDAG...
2022-05-21 03:39:37,536 run.py[line:112] INFO 创建BlockDAG完成, depth=6
2022-05-21 03:39:37,537 run.py[line:127] INFO BlockDAG执行查询...
2022-05-21 03:41:18,599 run.py[line:30] INFO VRTree读取数据...
2022-05-21 03:41:19,589 run.py[line:66] INFO blocksize=20
2022-05-21 03:41:19,606 run.py[line:72] INFO VRTree创建区块...
2022-05-21 03:41:40,766 run.py[line:75] INFO VRTree创建区块完成，交易VR*-tree节点总数=23494,平均=25.073639274279614,深度=2
2022-05-21 03:41:42,576 run.py[line:83] INFO VRTree交易查询消耗（优化前）:1.810126543045044，访问节点数：3868
2022-05-21 03:42:35,108 run.py[line:92] INFO VRTree区块优化完成，交易VR*-tree节点总数=26263,平均=28.028815368196373,深度=2
2022-05-21 03:42:36,964 run.py[line:101] INFO VRTree交易查询消耗（优化后）:1.8560688495635986,访问节点数：3036
2022-05-21 03:42:36,965 run.py[line:108] INFO 创建BlockDAG...
2022-05-21 03:42:39,386 run.py[line:112] INFO 创建BlockDAG完成, depth=4
2022-05-21 03:42:39,388 run.py[line:127] INFO BlockDAG执行查询...
2022-05-21 03:42:44,939 run.py[line:137] INFO BlockDAG交易查询消耗:5.551161527633667,size=134345.0
2022-05-21 03:42:44,939 run.py[line:66] INFO blocksize=40
2022-05-21 03:42:44,939 run.py[line:72] INFO VRTree创建区块...
2022-05-21 03:43:14,437 run.py[line:30] INFO VRTree读取数据...
2022-05-21 03:43:15,489 run.py[line:66] INFO blocksize=20
2022-05-21 03:43:15,507 run.py[line:72] INFO VRTree创建区块...
2022-05-21 03:43:38,289 run.py[line:75] INFO VRTree创建区块完成，交易VR*-tree节点总数=23497,平均=25.07684098185699,深度=2
2022-05-21 03:43:40,023 run.py[line:83] INFO VRTree交易查询消耗（优化前）:1.7333321571350098，访问节点数：3422
2022-05-21 03:44:38,802 run.py[line:92] INFO VRTree区块优化完成，交易VR*-tree节点总数=26402,平均=28.177161152614726,深度=2
2022-05-21 03:44:40,549 run.py[line:101] INFO VRTree交易查询消耗（优化后）:1.7472927570343018,访问节点数：2975
2022-05-21 03:44:40,550 run.py[line:108] INFO 创建BlockDAG...
2022-05-21 03:44:43,102 run.py[line:112] INFO 创建BlockDAG完成, depth=4
2022-05-21 03:44:43,104 run.py[line:127] INFO BlockDAG执行查询...
2022-05-21 03:44:52,836 run.py[line:137] INFO BlockDAG交易查询消耗:9.731986999511719,size=221996.0
2022-05-21 03:44:52,836 run.py[line:66] INFO blocksize=40
2022-05-21 03:44:52,836 run.py[line:72] INFO VRTree创建区块...
2022-05-21 03:45:25,971 run.py[line:75] INFO VRTree创建区块完成，交易VR*-tree节点总数=23636,平均=50.39658848614072,深度=3
2022-05-21 03:45:26,960 run.py[line:83] INFO VRTree交易查询消耗（优化前）:0.9883882999420166，访问节点数：3666
2022-05-21 03:47:59,049 run.py[line:92] INFO VRTree区块优化完成，交易VR*-tree节点总数=25487,平均=54.343283582089555,深度=3
2022-05-21 03:47:59,994 run.py[line:101] INFO VRTree交易查询消耗（优化后）:0.9445047378540039,访问节点数：2261
2022-05-21 03:47:59,994 run.py[line:108] INFO 创建BlockDAG...
2022-05-21 03:48:01,898 run.py[line:112] INFO 创建BlockDAG完成, depth=7
2022-05-21 03:48:01,899 run.py[line:127] INFO BlockDAG执行查询...
2022-05-21 03:48:14,008 run.py[line:137] INFO BlockDAG交易查询消耗:12.108634233474731,size=292114.0
2022-05-21 03:48:14,008 run.py[line:66] INFO blocksize=60
2022-05-21 03:48:14,008 run.py[line:72] INFO VRTree创建区块...
2022-05-21 03:48:49,862 run.py[line:75] INFO VRTree创建区块完成，交易VR*-tree节点总数=23900,平均=76.35782747603834,深度=3
2022-05-21 03:48:50,645 run.py[line:83] INFO VRTree交易查询消耗（优化前）:0.7829012870788574，访问节点数：3908
2022-05-21 03:52:54,939 run.py[line:92] INFO VRTree区块优化完成，交易VR*-tree节点总数=25399,平均=81.14696485623003,深度=3
2022-05-21 03:52:55,630 run.py[line:101] INFO VRTree交易查询消耗（优化后）:0.6900348663330078,访问节点数：1902
2022-05-21 03:52:55,630 run.py[line:108] INFO 创建BlockDAG...
2022-05-21 03:52:57,343 run.py[line:112] INFO 创建BlockDAG完成, depth=9
2022-05-21 03:52:57,343 run.py[line:127] INFO BlockDAG执行查询...
2022-05-21 03:53:15,007 run.py[line:137] INFO BlockDAG交易查询消耗:17.663495779037476,size=375696.0
2022-05-21 03:53:15,008 run.py[line:66] INFO blocksize=80
2022-05-21 03:53:15,008 run.py[line:72] INFO VRTree创建区块...
2022-05-21 03:53:51,945 run.py[line:75] INFO VRTree创建区块完成，交易VR*-tree节点总数=23839,平均=101.44255319148937,深度=3
2022-05-21 03:53:52,616 run.py[line:83] INFO VRTree交易查询消耗（优化前）:0.6703791618347168，访问节点数：3889
2022-05-21 03:59:25,852 run.py[line:92] INFO VRTree区块优化完成，交易VR*-tree节点总数=25526,平均=108.62127659574467,深度=3
2022-05-21 03:59:26,372 run.py[line:101] INFO VRTree交易查询消耗（优化后）:0.5203619003295898,访问节点数：1503
2022-05-21 03:59:26,372 run.py[line:108] INFO 创建BlockDAG...
2022-05-21 03:59:28,103 run.py[line:112] INFO 创建BlockDAG完成, depth=8
2022-05-21 03:59:28,105 run.py[line:127] INFO BlockDAG执行查询...
2022-05-21 03:59:53,584 run.py[line:137] INFO BlockDAG交易查询消耗:25.479386806488037,size=489279.0
2022-05-21 03:59:53,584 run.py[line:66] INFO blocksize=100
2022-05-21 03:59:53,585 run.py[line:72] INFO VRTree创建区块...
2022-05-21 04:00:31,759 run.py[line:75] INFO VRTree创建区块完成，交易VR*-tree节点总数=23857,平均=126.89893617021276,深度=3
2022-05-21 04:00:32,345 run.py[line:83] INFO VRTree交易查询消耗（优化前）:0.5864529609680176，访问节点数：3797
2022-05-21 04:08:10,222 run.py[line:92] INFO VRTree区块优化完成，交易VR*-tree节点总数=25785,平均=137.15425531914894,深度=3
2022-05-21 04:08:10,683 run.py[line:101] INFO VRTree交易查询消耗（优化后）:0.46114110946655273,访问节点数：1353
2022-05-21 04:08:10,683 run.py[line:108] INFO 创建BlockDAG...
2022-05-21 04:08:12,553 run.py[line:112] INFO 创建BlockDAG完成, depth=10
2022-05-21 04:08:12,553 run.py[line:127] INFO BlockDAG执行查询...
2022-05-21 04:09:01,984 run.py[line:137] INFO BlockDAG交易查询消耗:49.43060255050659,size=668682.0
2022-05-21 04:09:01,984 run.py[line:66] INFO blocksize=120
2022-05-21 04:09:01,984 run.py[line:72] INFO VRTree创建区块...
2022-05-21 04:09:40,987 run.py[line:75] INFO VRTree创建区块完成，交易VR*-tree节点总数=23863,平均=151.9936305732484,深度=3
2022-05-21 04:09:41,515 run.py[line:83] INFO VRTree交易查询消耗（优化前）:0.5281522274017334，访问节点数：3842
2022-05-21 04:19:11,477 run.py[line:92] INFO VRTree区块优化完成，交易VR*-tree节点总数=26166,平均=166.6624203821656,深度=3
2022-05-21 04:19:11,886 run.py[line:101] INFO VRTree交易查询消耗（优化后）:0.4089069366455078,访问节点数：1227
2022-05-21 04:19:11,886 run.py[line:108] INFO 创建BlockDAG...
2022-05-21 04:19:13,838 run.py[line:112] INFO 创建BlockDAG完成, depth=9
2022-05-21 04:19:13,840 run.py[line:127] INFO BlockDAG执行查询...
2022-05-21 04:20:14,419 run.py[line:137] INFO BlockDAG交易查询消耗:60.57807517051697,size=748038.0
2022-05-21 04:20:14,419 run.py[line:66] INFO blocksize=140
2022-05-21 04:20:14,419 run.py[line:72] INFO VRTree创建区块...
2022-05-21 04:20:55,021 run.py[line:75] INFO VRTree创建区块完成，交易VR*-tree节点总数=23880,平均=178.2089552238806,深度=3
2022-05-21 04:20:55,546 run.py[line:83] INFO VRTree交易查询消耗（优化前）:0.524625301361084，访问节点数：3799
2022-05-21 04:32:33,605 run.py[line:92] INFO VRTree区块优化完成，交易VR*-tree节点总数=26527,平均=197.96268656716418,深度=3
2022-05-21 04:32:34,004 run.py[line:101] INFO VRTree交易查询消耗（优化后）:0.39890027046203613,访问节点数：1162
2022-05-21 04:32:34,004 run.py[line:108] INFO 创建BlockDAG...
2022-05-21 04:32:36,100 run.py[line:112] INFO 创建BlockDAG完成, depth=15
2022-05-21 04:32:36,101 run.py[line:127] INFO BlockDAG执行查询...
2022-05-21 04:34:06,501 run.py[line:137] INFO BlockDAG交易查询消耗:90.4003324508667,size=910236.0
2022-05-21 04:34:06,501 run.py[line:66] INFO blocksize=160
2022-05-21 04:34:06,501 run.py[line:72] INFO VRTree创建区块...
2022-05-21 04:34:48,391 run.py[line:75] INFO VRTree创建区块完成，交易VR*-tree节点总数=23850,平均=202.11864406779662,深度=3
2022-05-21 04:34:48,886 run.py[line:83] INFO VRTree交易查询消耗（优化前）:0.4946434497833252，访问节点数：3791
2022-05-21 04:48:04,110 run.py[line:92] INFO VRTree区块优化完成，交易VR*-tree节点总数=27039,平均=229.14406779661016,深度=3
2022-05-21 04:48:04,489 run.py[line:101] INFO VRTree交易查询消耗（优化后）:0.37898802757263184,访问节点数：1017
2022-05-21 04:48:04,489 run.py[line:108] INFO 创建BlockDAG...
2022-05-21 04:48:06,767 run.py[line:112] INFO 创建BlockDAG完成, depth=10
2022-05-21 04:48:06,769 run.py[line:127] INFO BlockDAG执行查询...
2022-05-21 04:50:11,875 run.py[line:137] INFO BlockDAG交易查询消耗:125.10559391975403,size=1078981.0
