2022-05-21 02:09:55,376 run.py[line:30] INFO VRTree读取数据...
2022-05-21 02:09:58,034 run.py[line:66] INFO blocksize=20
2022-05-21 02:09:58,059 run.py[line:72] INFO VRTree创建区块...
2022-05-21 02:19:06,811 run.py[line:75] INFO VRTree创建区块完成，交易VR*-tree节点总数=23488,平均=25.067235859124867,深度=2
2022-05-21 02:19:11,009 run.py[line:83] INFO VRTree交易查询消耗（优化前）:4.19836950302124，访问节点数：9397
2022-05-21 02:27:10,958 run.py[line:30] INFO VRTree读取数据...
2022-05-21 02:27:11,854 run.py[line:66] INFO blocksize=20
2022-05-21 02:27:11,868 run.py[line:72] INFO VRTree创建区块...
2022-05-21 02:37:00,438 run.py[line:30] INFO VRTree读取数据...
2022-05-21 02:37:01,337 run.py[line:66] INFO blocksize=20
2022-05-21 02:37:01,351 run.py[line:72] INFO VRTree创建区块...
2022-05-21 02:38:23,923 run.py[line:30] INFO VRTree读取数据...
2022-05-21 02:38:26,633 run.py[line:66] INFO blocksize=20
2022-05-21 02:38:26,657 run.py[line:72] INFO VRTree创建区块...
2022-05-21 02:39:50,563 run.py[line:30] INFO VRTree读取数据...
2022-05-21 02:39:53,286 run.py[line:66] INFO blocksize=20
2022-05-21 02:39:53,311 run.py[line:72] INFO VRTree创建区块...
2022-05-21 02:41:38,904 run.py[line:30] INFO VRTree读取数据...
2022-05-21 02:41:39,802 run.py[line:66] INFO blocksize=20
2022-05-21 02:41:39,816 run.py[line:72] INFO VRTree创建区块...
2022-05-21 02:41:59,764 run.py[line:75] INFO VRTree创建区块完成，交易VR*-tree节点总数=23492,平均=25.071504802561368,深度=2
2022-05-21 02:42:01,762 run.py[line:83] INFO VRTree交易查询消耗（优化前）:1.9976260662078857，访问节点数：9369
2022-05-21 02:42:49,334 run.py[line:92] INFO VRTree区块优化完成，交易VR*-tree节点总数=25941,平均=27.685165421558164,深度=2
2022-05-21 02:42:51,392 run.py[line:101] INFO VRTree交易查询消耗（优化后）:2.05749773979187,访问节点数：7254
2022-05-21 02:42:51,393 run.py[line:108] INFO 创建BlockDAG...
2022-05-21 02:43:25,056 run.py[line:30] INFO VRTree读取数据...
2022-05-21 02:43:25,944 run.py[line:66] INFO blocksize=20
2022-05-21 02:43:25,958 run.py[line:72] INFO VRTree创建区块...
2022-05-21 02:43:44,631 run.py[line:75] INFO VRTree创建区块完成，交易VR*-tree节点总数=23488,平均=25.067235859124867,深度=2
2022-05-21 02:43:46,840 run.py[line:83] INFO VRTree交易查询消耗（优化前）:2.2090888023376465，访问节点数：7835
2022-05-21 02:44:32,484 run.py[line:92] INFO VRTree区块优化完成，交易VR*-tree节点总数=26012,平均=27.760939167556028,深度=2
2022-05-21 02:44:34,618 run.py[line:101] INFO VRTree交易查询消耗（优化后）:2.1338818073272705,访问节点数：6212
2022-05-21 02:44:34,618 run.py[line:108] INFO 创建BlockDAG...
2022-05-21 02:44:36,966 run.py[line:112] INFO 创建BlockDAG完成, depth=4
2022-05-21 02:44:36,966 run.py[line:127] INFO BlockDAG执行查询...
2022-05-21 02:44:43,654 run.py[line:137] INFO BlockDAG交易查询消耗:6.688312292098999,size=111861.0
2022-05-21 02:44:43,654 run.py[line:142] INFO scan执行查询...
2022-05-21 02:44:56,044 run.py[line:148] INFO scan交易查询消耗:12.389047861099243
2022-05-21 02:44:56,044 run.py[line:66] INFO blocksize=40
2022-05-21 02:44:56,044 run.py[line:72] INFO VRTree创建区块...
2022-05-21 02:45:22,381 run.py[line:75] INFO VRTree创建区块完成，交易VR*-tree节点总数=23660,平均=50.44776119402985,深度=2
2022-05-21 02:45:23,835 run.py[line:83] INFO VRTree交易查询消耗（优化前）:1.4527573585510254，访问节点数：8009
2022-05-21 02:47:06,990 run.py[line:92] INFO VRTree区块优化完成，交易VR*-tree节点总数=24758,平均=52.788912579957355,深度=2
2022-05-21 02:47:08,189 run.py[line:101] INFO VRTree交易查询消耗（优化后）:1.198786735534668,访问节点数：4057
2022-05-21 02:47:08,189 run.py[line:108] INFO 创建BlockDAG...
2022-05-21 02:47:09,849 run.py[line:112] INFO 创建BlockDAG完成, depth=5
2022-05-21 02:47:09,851 run.py[line:127] INFO BlockDAG执行查询...
2022-05-21 02:47:15,605 run.py[line:137] INFO BlockDAG交易查询消耗:5.754618167877197,size=111861.0
2022-05-21 02:47:15,605 run.py[line:142] INFO scan执行查询...
2022-05-21 02:47:28,109 run.py[line:148] INFO scan交易查询消耗:12.503578662872314
2022-05-21 02:47:28,109 run.py[line:66] INFO blocksize=60
2022-05-21 02:47:28,109 run.py[line:72] INFO VRTree创建区块...
2022-05-21 02:47:55,866 run.py[line:75] INFO VRTree创建区块完成，交易VR*-tree节点总数=23893,平均=76.33546325878594,深度=3
2022-05-21 02:47:57,103 run.py[line:83] INFO VRTree交易查询消耗（优化前）:1.236722469329834，访问节点数：8349
2022-05-21 02:50:44,456 run.py[line:92] INFO VRTree区块优化完成，交易VR*-tree节点总数=24673,平均=78.82747603833866,深度=3
2022-05-21 02:50:45,351 run.py[line:101] INFO VRTree交易查询消耗（优化后）:0.894601583480835,访问节点数：3450
2022-05-21 02:50:45,351 run.py[line:108] INFO 创建BlockDAG...
2022-05-21 02:50:46,740 run.py[line:112] INFO 创建BlockDAG完成, depth=5
2022-05-21 02:50:46,743 run.py[line:127] INFO BlockDAG执行查询...
2022-05-21 02:50:52,502 run.py[line:137] INFO BlockDAG交易查询消耗:5.758635997772217,size=111861.0
2022-05-21 02:50:52,502 run.py[line:142] INFO scan执行查询...
2022-05-21 02:51:04,954 run.py[line:148] INFO scan交易查询消耗:12.452685117721558
2022-05-21 02:51:04,954 run.py[line:66] INFO blocksize=80
2022-05-21 02:51:04,954 run.py[line:72] INFO VRTree创建区块...
2022-05-21 02:51:33,481 run.py[line:75] INFO VRTree创建区块完成，交易VR*-tree节点总数=23820,平均=101.36170212765957,深度=3
2022-05-21 02:51:34,615 run.py[line:83] INFO VRTree交易查询消耗（优化前）:1.1339352130889893，访问节点数：8454
2022-05-21 02:55:24,812 run.py[line:92] INFO VRTree区块优化完成，交易VR*-tree节点总数=24771,平均=105.40851063829787,深度=3
2022-05-21 02:55:25,532 run.py[line:101] INFO VRTree交易查询消耗（优化后）:0.7200107574462891,访问节点数：3195
2022-05-21 02:55:25,532 run.py[line:108] INFO 创建BlockDAG...
2022-05-21 02:55:26,865 run.py[line:112] INFO 创建BlockDAG完成, depth=6
2022-05-21 02:55:26,865 run.py[line:127] INFO BlockDAG执行查询...
2022-05-21 02:55:32,020 run.py[line:137] INFO BlockDAG交易查询消耗:5.154804229736328,size=111861.0
2022-05-21 02:55:32,020 run.py[line:142] INFO scan执行查询...
2022-05-21 02:55:44,221 run.py[line:148] INFO scan交易查询消耗:12.201004028320312
2022-05-21 02:55:44,221 run.py[line:66] INFO blocksize=100
2022-05-21 02:55:44,221 run.py[line:72] INFO VRTree创建区块...
2022-05-21 02:56:13,066 run.py[line:75] INFO VRTree创建区块完成，交易VR*-tree节点总数=23874,平均=126.98936170212765,深度=3
2022-05-21 02:56:14,142 run.py[line:83] INFO VRTree交易查询消耗（优化前）:1.0761187076568604，访问节点数：8564
2022-05-21 03:01:04,597 run.py[line:92] INFO VRTree区块优化完成，交易VR*-tree节点总数=24814,平均=131.98936170212767,深度=3
2022-05-21 03:01:05,231 run.py[line:101] INFO VRTree交易查询消耗（优化后）:0.6323051452636719,访问节点数：2952
2022-05-21 03:01:05,231 run.py[line:108] INFO 创建BlockDAG...
2022-05-21 03:01:06,466 run.py[line:112] INFO 创建BlockDAG完成, depth=6
2022-05-21 03:01:06,468 run.py[line:127] INFO BlockDAG执行查询...
2022-05-21 03:01:11,331 run.py[line:137] INFO BlockDAG交易查询消耗:4.863002777099609,size=111861.0
2022-05-21 03:01:11,331 run.py[line:142] INFO scan执行查询...
2022-05-21 03:01:23,626 run.py[line:148] INFO scan交易查询消耗:12.294135808944702
2022-05-21 03:01:23,626 run.py[line:66] INFO blocksize=120
2022-05-21 03:01:23,626 run.py[line:72] INFO VRTree创建区块...
2022-05-21 03:01:53,050 run.py[line:75] INFO VRTree创建区块完成，交易VR*-tree节点总数=23849,平均=151.9044585987261,深度=3
2022-05-21 03:01:54,071 run.py[line:83] INFO VRTree交易查询消耗（优化前）:1.0212633609771729，访问节点数：8492
2022-05-21 03:07:54,530 run.py[line:92] INFO VRTree区块优化完成，交易VR*-tree节点总数=24821,平均=158.0955414012739,深度=3
2022-05-21 03:07:55,102 run.py[line:101] INFO VRTree交易查询消耗（优化后）:0.5724985599517822,访问节点数：2808
2022-05-21 03:07:55,102 run.py[line:108] INFO 创建BlockDAG...
2022-05-21 03:07:56,290 run.py[line:112] INFO 创建BlockDAG完成, depth=6
2022-05-21 03:07:56,292 run.py[line:127] INFO BlockDAG执行查询...
2022-05-21 03:08:00,902 run.py[line:137] INFO BlockDAG交易查询消耗:4.6096765995025635,size=111861.0
2022-05-21 03:08:00,902 run.py[line:142] INFO scan执行查询...
2022-05-21 03:08:13,149 run.py[line:148] INFO scan交易查询消耗:12.247269630432129
2022-05-21 03:08:13,149 run.py[line:66] INFO blocksize=140
2022-05-21 03:08:13,149 run.py[line:72] INFO VRTree创建区块...
2022-05-21 03:08:43,012 run.py[line:75] INFO VRTree创建区块完成，交易VR*-tree节点总数=23884,平均=178.23880597014926,深度=3
2022-05-21 03:08:44,001 run.py[line:83] INFO VRTree交易查询消耗（优化前）:0.9893553256988525，访问节点数：8575
2022-05-21 03:15:43,247 run.py[line:92] INFO VRTree区块优化完成，交易VR*-tree节点总数=24839,平均=185.36567164179104,深度=3
2022-05-21 03:15:43,768 run.py[line:101] INFO VRTree交易查询消耗（优化后）:0.5206089019775391,访问节点数：2785
2022-05-21 03:15:43,768 run.py[line:108] INFO 创建BlockDAG...
2022-05-21 03:15:44,923 run.py[line:112] INFO 创建BlockDAG完成, depth=7
2022-05-21 03:15:44,925 run.py[line:127] INFO BlockDAG执行查询...
2022-05-21 03:15:49,333 run.py[line:137] INFO BlockDAG交易查询消耗:4.408217430114746,size=111861.0
2022-05-21 03:15:49,333 run.py[line:142] INFO scan执行查询...
2022-05-21 03:16:01,731 run.py[line:148] INFO scan交易查询消耗:12.397859573364258
2022-05-21 03:16:01,731 run.py[line:66] INFO blocksize=160
2022-05-21 03:16:01,731 run.py[line:72] INFO VRTree创建区块...
2022-05-21 03:16:32,065 run.py[line:75] INFO VRTree创建区块完成，交易VR*-tree节点总数=23867,平均=202.26271186440678,深度=3
2022-05-21 03:16:33,039 run.py[line:83] INFO VRTree交易查询消耗（优化前）:0.9743602275848389，访问节点数：8568
2022-05-21 03:24:41,644 run.py[line:92] INFO VRTree区块优化完成，交易VR*-tree节点总数=25019,平均=212.02542372881356,深度=3
2022-05-21 03:24:42,141 run.py[line:101] INFO VRTree交易查询消耗（优化后）:0.49666404724121094,访问节点数：2654
2022-05-21 03:24:42,141 run.py[line:108] INFO 创建BlockDAG...
2022-05-21 03:24:43,209 run.py[line:112] INFO 创建BlockDAG完成, depth=7
2022-05-21 03:24:43,211 run.py[line:127] INFO BlockDAG执行查询...
2022-05-21 03:24:47,492 run.py[line:137] INFO BlockDAG交易查询消耗:4.2805304527282715,size=111861.0
2022-05-21 03:24:47,492 run.py[line:142] INFO scan执行查询...
2022-05-21 03:24:59,957 run.py[line:148] INFO scan交易查询消耗:12.464712142944336
