2022-05-21 05:00:35,304 experiment3.py[line:33] INFO experiment3...
2022-05-21 05:00:35,925 experiment3.py[line:57] INFO max_children_num=4
2022-05-21 05:00:35,925 experiment3.py[line:62] INFO query with :center
2022-05-21 05:12:11,336 experiment3.py[line:62] INFO query with :gaussian
2022-05-21 05:23:54,334 experiment3.py[line:62] INFO query with :uniform
2022-05-21 05:35:33,863 experiment3.py[line:62] INFO query with :grid
2022-05-21 05:46:25,654 experiment3.py[line:57] INFO max_children_num=8
2022-05-21 05:46:25,654 experiment3.py[line:62] INFO query with :center
2022-05-21 05:56:35,561 experiment3.py[line:62] INFO query with :gaussian
2022-05-21 06:06:55,825 experiment3.py[line:62] INFO query with :uniform
2022-05-21 06:17:21,146 experiment3.py[line:62] INFO query with :grid
2022-05-21 06:27:03,646 experiment3.py[line:57] INFO max_children_num=16
2022-05-21 06:27:03,646 experiment3.py[line:62] INFO query with :center
2022-05-21 06:37:01,786 experiment3.py[line:62] INFO query with :gaussian
2022-05-21 06:47:03,225 experiment3.py[line:62] INFO query with :uniform
2022-05-21 06:57:18,391 experiment3.py[line:62] INFO query with :grid
2022-05-21 07:06:44,934 experiment3.py[line:57] INFO max_children_num=32
2022-05-21 07:06:44,934 experiment3.py[line:62] INFO query with :center
2022-05-21 07:16:08,792 experiment3.py[line:62] INFO query with :gaussian
2022-05-21 07:25:48,157 experiment3.py[line:62] INFO query with :uniform
2022-05-21 07:35:24,065 experiment3.py[line:62] INFO query with :grid
2022-05-21 07:44:23,230 experiment3.py[line:57] INFO max_children_num=48
2022-05-21 07:44:23,230 experiment3.py[line:62] INFO query with :center
2022-05-21 07:53:09,885 experiment3.py[line:62] INFO query with :gaussian
2022-05-21 08:01:50,186 experiment3.py[line:62] INFO query with :uniform
2022-05-21 08:10:56,264 experiment3.py[line:62] INFO query with :grid
2022-05-21 08:19:00,084 experiment3.py[line:57] INFO max_children_num=64
2022-05-21 08:19:00,084 experiment3.py[line:62] INFO query with :center
2022-05-21 08:27:08,312 experiment3.py[line:62] INFO query with :gaussian
2022-05-21 08:35:16,176 experiment3.py[line:62] INFO query with :uniform
2022-05-21 08:43:36,952 experiment3.py[line:62] INFO query with :grid
2022-05-21 08:51:15,915 experiment3.py[line:57] INFO max_children_num=80
2022-05-21 08:51:15,915 experiment3.py[line:62] INFO query with :center
2022-05-21 08:55:11,954 experiment3.py[line:62] INFO query with :gaussian
2022-05-21 08:59:16,637 experiment3.py[line:62] INFO query with :uniform
2022-05-21 09:03:14,323 experiment3.py[line:62] INFO query with :grid
2022-05-21 09:06:16,817 experiment3.py[line:57] INFO max_children_num=96
2022-05-21 09:06:16,817 experiment3.py[line:62] INFO query with :center
2022-05-21 09:10:09,745 experiment3.py[line:62] INFO query with :gaussian
2022-05-21 09:14:15,994 experiment3.py[line:62] INFO query with :uniform
2022-05-21 09:18:11,707 experiment3.py[line:62] INFO query with :grid
2022-05-21 09:21:15,001 experiment3.py[line:57] INFO max_children_num=108
2022-05-21 09:21:15,001 experiment3.py[line:62] INFO query with :center
2022-05-21 09:25:07,980 experiment3.py[line:62] INFO query with :gaussian
2022-05-21 09:29:11,682 experiment3.py[line:62] INFO query with :uniform
2022-05-21 09:33:08,540 experiment3.py[line:62] INFO query with :grid
2022-05-21 09:36:10,729 experiment3.py[line:57] INFO max_children_num=128
2022-05-21 09:36:10,729 experiment3.py[line:62] INFO query with :center
2022-05-21 09:40:04,000 experiment3.py[line:62] INFO query with :gaussian
2022-05-21 09:44:10,031 experiment3.py[line:62] INFO query with :uniform
2022-05-21 09:48:05,903 experiment3.py[line:62] INFO query with :grid
2022-05-21 09:51:09,421 experiment3.py[line:77] INFO center
2022-05-21 09:51:09,421 experiment3.py[line:78] INFO [[[14.694713592529297], [14.781670093536377], [14.474470376968384], [15.144961833953857]], [[14.184765338897705], [14.772777080535889], [14.129993915557861], [14.636929512023926]], [[14.146383285522461], [14.823366641998291], [14.334093809127808], [15.076643228530884]], [[14.30675458908081], [15.32998538017273], [14.53315258026123], [15.335512638092041]], [[15.282330513000488], [15.72642970085144], [14.76853084564209], [15.185842037200928]], [[14.489277124404907], [15.846860647201538], [14.420629024505615], [15.629188060760498]], [[15.792757987976074], [15.903490781784058], [16.14185357093811], [16.15980577468872]], [[15.579358100891113], [15.621243238449097], [15.917656898498535], [16.09432053565979]], [[15.583758115768433], [15.896770238876343], [15.835871934890747], [16.243523120880127]], [[15.566391468048096], [16.076029062271118], [15.765857696533203], [16.229837894439697]]]
2022-05-21 09:51:09,421 experiment3.py[line:79] INFO [[[3.0], [7.0], [1.0], [7.0]], [[0.0], [8.0], [0.0], [10.0]], [[0.0], [11.0], [0.0], [12.0]], [[0.0], [22.0], [0.0], [28.0]], [[37.0], [48.0], [37.0], [26.0]], [[21.0], [62.0], [21.0], [52.0]], [[80.0], [69.0], [80.0], [69.0]], [[80.0], [69.0], [80.0], [69.0]], [[80.0], [69.0], [80.0], [69.0]], [[80.0], [69.0], [80.0], [69.0]]]
2022-05-21 09:51:09,421 experiment3.py[line:77] INFO gaussian
2022-05-21 09:51:09,421 experiment3.py[line:78] INFO [[[21.670360326766968], [17.666773080825806], [22.560691118240356], [17.47241473197937]], [[19.13358163833618], [16.734964609146118], [19.189738750457764], [17.12821674346924]], [[17.982388734817505], [16.40713667869568], [18.813862323760986], [17.465281009674072]], [[18.397822856903076], [18.253204584121704], [19.215627908706665], [18.12953209877014]], [[17.792412996292114], [17.024465799331665], [17.717758893966675], [17.357733488082886]], [[17.457336902618408], [18.088644981384277], [17.48127245903015], [17.689686059951782]], [[18.47760820388794], [18.60748863220215], [18.50899386405945], [18.538323402404785]], [[18.51571822166443], [18.715553760528564], [18.63562273979187], [18.965583562850952]], [[18.17641544342041], [18.676501274108887], [18.400062322616577], [18.55932307243347]], [[18.684390544891357], [18.738882303237915], [18.286121368408203], [18.48782467842102]]]
2022-05-21 09:51:09,421 experiment3.py[line:79] INFO [[[3510.0], [1610.0], [3519.0], [1601.0]], [[3742.0], [1420.0], [3690.0], [1445.0]], [[4228.0], [1818.0], [4295.0], [1827.0]], [[4464.0], [2529.0], [4388.0], [2513.0]], [[4454.0], [2803.0], [4454.0], [2833.0]], [[4636.0], [3681.0], [4636.0], [3670.0]], [[4720.0], [3816.0], [4720.0], [3816.0]], [[4720.0], [3816.0], [4720.0], [3816.0]], [[4720.0], [3816.0], [4720.0], [3816.0]], [[4720.0], [3816.0], [4720.0], [3816.0]]]
2022-05-21 09:51:09,421 experiment3.py[line:77] INFO uniform
2022-05-21 09:51:09,422 experiment3.py[line:78] INFO [[[27.70582103729248], [15.428723096847534], [28.527039289474487], [15.671078443527222]], [[21.589289903640747], [12.772908687591553], [21.803715229034424], [12.748915672302246]], [[19.70931100845337], [13.564735174179077], [19.411107063293457], [12.80074167251587]], [[16.608142852783203], [12.997827529907227], [16.702619552612305], [13.090004205703735]], [[17.547131776809692], [14.503260612487793], [17.463319540023804], [14.469313144683838]], [[16.350524425506592], [15.223673343658447], [16.42139768600464], [15.03281283378601]], [[16.556753158569336], [16.1510648727417], [16.659958362579346], [16.510112762451172]], [[16.665460109710693], [16.201693773269653], [16.105950355529785], [16.653485536575317]], [[16.109176635742188], [16.153146982192993], [16.675615787506104], [16.750253915786743]], [[16.232643842697144], [16.09917664527893], [16.40218496322632], [16.607864141464233]]]
2022-05-21 09:51:09,422 experiment3.py[line:79] INFO [[[6490.0], [2731.0], [6336.0], [2755.0]], [[7397.0], [2919.0], [7331.0], [2903.0]], [[9193.0], [3960.0], [9207.0], [3935.0]], [[11771.0], [5802.0], [11894.0], [5795.0]], [[13397.0], [7607.0], [13397.0], [7607.0]], [[14083.0], [9736.0], [14083.0], [9736.0]], [[18732.0], [12797.0], [18732.0], [12797.0]], [[18732.0], [12797.0], [18732.0], [12797.0]], [[18732.0], [12797.0], [18732.0], [12797.0]], [[18732.0], [12797.0], [18732.0], [12797.0]]]
2022-05-21 09:51:09,431 experiment3.py[line:77] INFO grid
2022-05-21 09:51:09,431 experiment3.py[line:78] INFO [[[3.6053292751312256], [3.5772576332092285], [3.539799213409424], [3.6631741523742676]], [[3.368988037109375], [3.39092755317688], [3.538742780685425], [3.4417965412139893]], [[3.3909289836883545], [3.3739750385284424], [3.355031967163086], [3.3659961223602295]], [[3.174684762954712], [3.195458173751831], [3.1685307025909424], [3.225625514984131]], [[3.226381301879883], [3.1617913246154785], [3.14459490776062], [3.153566598892212]], [[3.1326277256011963], [3.162510871887207], [3.1635549068450928], [3.2353525161743164]], [[3.158555507659912], [3.098716974258423], [3.123654842376709], [3.2453153133392334]], [[3.2134110927581787], [3.1089203357696533], [3.095724105834961], [3.1039376258850098]], [[3.138582468032837], [3.1046876907348633], [3.118664264678955], [3.117666482925415]], [[3.1445908546447754], [3.227372884750366], [3.1278555393218994], [3.1336164474487305]]]
2022-05-21 09:51:09,431 experiment3.py[line:79] INFO [[[30183.0], [31940.0], [30152.0], [32056.0]], [[23435.0], [24348.0], [23418.0], [24434.0]], [[20677.0], [21545.0], [20688.0], [21626.0]], [[19641.0], [20282.0], [19652.0], [20311.0]], [[19254.0], [19834.0], [19254.0], [19843.0]], [[19158.0], [19649.0], [19158.0], [19656.0]], [[18732.0], [19497.0], [18732.0], [19497.0]], [[18732.0], [19497.0], [18732.0], [19497.0]], [[18732.0], [19497.0], [18732.0], [19497.0]], [[18732.0], [19497.0], [18732.0], [19497.0]]]
