2022-05-21 05:00:35,925 run.py[line:30] INFO VRTree读取数据...
2022-05-21 05:00:36,830 run.py[line:66] INFO blocksize=80
2022-05-21 05:00:36,830 run.py[line:72] INFO VRTree创建区块...
2022-05-21 05:00:53,551 run.py[line:75] INFO VRTree创建区块完成，交易VR*-tree节点总数=30799,平均=131.05957446808512,深度=5
2022-05-21 05:01:08,247 run.py[line:83] INFO VRTree交易查询消耗（优化前）:14.694713592529297，访问节点数：3
2022-05-21 05:06:05,653 run.py[line:92] INFO VRTree区块优化完成，交易VR*-tree节点总数=32655,平均=138.95744680851064,深度=5
2022-05-21 05:06:20,436 run.py[line:101] INFO VRTree交易查询消耗（优化后）:14.781670093536377,访问节点数：7
2022-05-21 05:06:20,452 run.py[line:30] INFO VRTree读取数据...
2022-05-21 05:06:21,405 run.py[line:66] INFO blocksize=80
2022-05-21 05:06:21,405 run.py[line:72] INFO VRTree创建区块...
2022-05-21 05:06:38,710 run.py[line:75] INFO VRTree创建区块完成，交易VR*-tree节点总数=30707,平均=130.668085106383,深度=5
2022-05-21 05:06:53,184 run.py[line:83] INFO VRTree交易查询消耗（优化前）:14.474470376968384，访问节点数：1
2022-05-21 05:11:56,190 run.py[line:92] INFO VRTree区块优化完成，交易VR*-tree节点总数=32604,平均=138.7404255319149,深度=5
2022-05-21 05:12:11,335 run.py[line:101] INFO VRTree交易查询消耗（优化后）:15.144961833953857,访问节点数：7
2022-05-21 05:12:11,336 run.py[line:30] INFO VRTree读取数据...
2022-05-21 05:12:12,308 run.py[line:66] INFO blocksize=80
2022-05-21 05:12:12,308 run.py[line:72] INFO VRTree创建区块...
2022-05-21 05:12:30,447 run.py[line:75] INFO VRTree创建区块完成，交易VR*-tree节点总数=30762,平均=130.90212765957446,深度=5
2022-05-21 05:12:52,117 run.py[line:83] INFO VRTree交易查询消耗（优化前）:21.670360326766968，访问节点数：3510
2022-05-21 05:17:44,943 run.py[line:92] INFO VRTree区块优化完成，交易VR*-tree节点总数=32544,平均=138.48510638297873,深度=5
2022-05-21 05:18:02,611 run.py[line:101] INFO VRTree交易查询消耗（优化后）:17.666773080825806,访问节点数：1610
2022-05-21 05:18:02,612 run.py[line:30] INFO VRTree读取数据...
2022-05-21 05:18:03,721 run.py[line:66] INFO blocksize=80
2022-05-21 05:18:03,721 run.py[line:72] INFO VRTree创建区块...
2022-05-21 05:18:24,050 run.py[line:75] INFO VRTree创建区块完成，交易VR*-tree节点总数=30725,平均=130.74468085106383,深度=5
2022-05-21 05:18:46,611 run.py[line:83] INFO VRTree交易查询消耗（优化前）:22.560691118240356，访问节点数：3519
2022-05-21 05:23:36,861 run.py[line:92] INFO VRTree区块优化完成，交易VR*-tree节点总数=32565,平均=138.5744680851064,深度=5
2022-05-21 05:23:54,334 run.py[line:101] INFO VRTree交易查询消耗（优化后）:17.47241473197937,访问节点数：1601
2022-05-21 05:23:54,334 run.py[line:30] INFO VRTree读取数据...
2022-05-21 05:23:55,334 run.py[line:66] INFO blocksize=80
2022-05-21 05:23:55,334 run.py[line:72] INFO VRTree创建区块...
2022-05-21 05:24:15,356 run.py[line:75] INFO VRTree创建区块完成，交易VR*-tree节点总数=30728,平均=130.75744680851065,深度=5
2022-05-21 05:24:43,062 run.py[line:83] INFO VRTree交易查询消耗（优化前）:27.70582103729248，访问节点数：6490
2022-05-21 05:29:25,370 run.py[line:92] INFO VRTree区块优化完成，交易VR*-tree节点总数=31580,平均=134.38297872340425,深度=5
2022-05-21 05:29:40,800 run.py[line:101] INFO VRTree交易查询消耗（优化后）:15.428723096847534,访问节点数：2731
2022-05-21 05:29:40,801 run.py[line:30] INFO VRTree读取数据...
2022-05-21 05:29:41,807 run.py[line:66] INFO blocksize=80
2022-05-21 05:29:41,807 run.py[line:72] INFO VRTree创建区块...
2022-05-21 05:30:02,952 run.py[line:75] INFO VRTree创建区块完成，交易VR*-tree节点总数=30816,平均=131.13191489361702,深度=5
2022-05-21 05:30:31,479 run.py[line:83] INFO VRTree交易查询消耗（优化前）:28.527039289474487，访问节点数：6336
2022-05-21 05:35:18,190 run.py[line:92] INFO VRTree区块优化完成，交易VR*-tree节点总数=31592,平均=134.4340425531915,深度=5
2022-05-21 05:35:33,862 run.py[line:101] INFO VRTree交易查询消耗（优化后）:15.671078443527222,访问节点数：2755
2022-05-21 05:35:33,864 run.py[line:30] INFO VRTree读取数据...
2022-05-21 05:35:34,748 run.py[line:66] INFO blocksize=80
2022-05-21 05:35:34,749 run.py[line:72] INFO VRTree创建区块...
2022-05-21 05:35:56,879 run.py[line:75] INFO VRTree创建区块完成，交易VR*-tree节点总数=30676,平均=130.53617021276597,深度=5
2022-05-21 05:36:00,487 run.py[line:83] INFO VRTree交易查询消耗（优化前）:3.6053292751312256，访问节点数：30183
2022-05-21 05:40:51,449 run.py[line:92] INFO VRTree区块优化完成，交易VR*-tree节点总数=32444,平均=138.05957446808512,深度=5
2022-05-21 05:40:55,026 run.py[line:101] INFO VRTree交易查询消耗（优化后）:3.5772576332092285,访问节点数：31940
2022-05-21 05:40:55,026 run.py[line:30] INFO VRTree读取数据...
2022-05-21 05:40:56,031 run.py[line:66] INFO blocksize=80
2022-05-21 05:40:56,031 run.py[line:72] INFO VRTree创建区块...
2022-05-21 05:41:18,519 run.py[line:75] INFO VRTree创建区块完成，交易VR*-tree节点总数=30646,平均=130.40851063829788,深度=4
2022-05-21 05:41:22,059 run.py[line:83] INFO VRTree交易查询消耗（优化前）:3.539799213409424，访问节点数：30152
2022-05-21 05:46:21,989 run.py[line:92] INFO VRTree区块优化完成，交易VR*-tree节点总数=32575,平均=138.61702127659575,深度=4
2022-05-21 05:46:25,652 run.py[line:101] INFO VRTree交易查询消耗（优化后）:3.6631741523742676,访问节点数：32056
2022-05-21 05:46:25,655 run.py[line:30] INFO VRTree读取数据...
2022-05-21 05:46:26,806 run.py[line:66] INFO blocksize=80
2022-05-21 05:46:26,806 run.py[line:72] INFO VRTree创建区块...
2022-05-21 05:46:56,300 run.py[line:75] INFO VRTree创建区块完成，交易VR*-tree节点总数=23859,平均=101.52765957446809,深度=3
2022-05-21 05:47:10,485 run.py[line:83] INFO VRTree交易查询消耗（优化前）:14.184765338897705，访问节点数：0
2022-05-21 05:51:12,831 run.py[line:92] INFO VRTree区块优化完成，交易VR*-tree节点总数=24757,平均=105.34893617021277,深度=3
2022-05-21 05:51:27,604 run.py[line:101] INFO VRTree交易查询消耗（优化后）:14.772777080535889,访问节点数：8
2022-05-21 05:51:27,604 run.py[line:30] INFO VRTree读取数据...
2022-05-21 05:51:28,574 run.py[line:66] INFO blocksize=80
2022-05-21 05:51:28,574 run.py[line:72] INFO VRTree创建区块...
2022-05-21 05:51:58,314 run.py[line:75] INFO VRTree创建区块完成，交易VR*-tree节点总数=23851,平均=101.49361702127659,深度=3
2022-05-21 05:52:12,444 run.py[line:83] INFO VRTree交易查询消耗（优化前）:14.129993915557861，访问节点数：0
2022-05-21 05:56:20,923 run.py[line:92] INFO VRTree区块优化完成，交易VR*-tree节点总数=24846,平均=105.72765957446809,深度=3
2022-05-21 05:56:35,561 run.py[line:101] INFO VRTree交易查询消耗（优化后）:14.636929512023926,访问节点数：10
2022-05-21 05:56:35,561 run.py[line:30] INFO VRTree读取数据...
2022-05-21 05:56:36,565 run.py[line:66] INFO blocksize=80
2022-05-21 05:56:36,565 run.py[line:72] INFO VRTree创建区块...
2022-05-21 05:57:07,467 run.py[line:75] INFO VRTree创建区块完成，交易VR*-tree节点总数=23887,平均=101.6468085106383,深度=3
2022-05-21 05:57:26,601 run.py[line:83] INFO VRTree交易查询消耗（优化前）:19.13358163833618，访问节点数：3742
2022-05-21 06:01:27,320 run.py[line:92] INFO VRTree区块优化完成，交易VR*-tree节点总数=24945,平均=106.14893617021276,深度=3
2022-05-21 06:01:44,055 run.py[line:101] INFO VRTree交易查询消耗（优化后）:16.734964609146118,访问节点数：1420
2022-05-21 06:01:44,055 run.py[line:30] INFO VRTree读取数据...
2022-05-21 06:01:45,093 run.py[line:66] INFO blocksize=80
2022-05-21 06:01:45,093 run.py[line:72] INFO VRTree创建区块...
2022-05-21 06:02:17,139 run.py[line:75] INFO VRTree创建区块完成，交易VR*-tree节点总数=23795,平均=101.25531914893617,深度=3
2022-05-21 06:02:36,329 run.py[line:83] INFO VRTree交易查询消耗（优化前）:19.189738750457764，访问节点数：3690
2022-05-21 06:06:38,696 run.py[line:92] INFO VRTree区块优化完成，交易VR*-tree节点总数=24896,平均=105.9404255319149,深度=3
2022-05-21 06:06:55,825 run.py[line:101] INFO VRTree交易查询消耗（优化后）:17.12821674346924,访问节点数：1445
2022-05-21 06:06:55,826 run.py[line:30] INFO VRTree读取数据...
2022-05-21 06:06:56,691 run.py[line:66] INFO blocksize=80
2022-05-21 06:06:56,692 run.py[line:72] INFO VRTree创建区块...
2022-05-21 06:07:30,048 run.py[line:75] INFO VRTree创建区块完成，交易VR*-tree节点总数=23832,平均=101.41276595744681,深度=3
2022-05-21 06:07:51,638 run.py[line:83] INFO VRTree交易查询消耗（优化前）:21.589289903640747，访问节点数：7397
2022-05-21 06:11:55,375 run.py[line:92] INFO VRTree区块优化完成，交易VR*-tree节点总数=24360,平均=103.65957446808511,深度=3
2022-05-21 06:12:08,149 run.py[line:101] INFO VRTree交易查询消耗（优化后）:12.772908687591553,访问节点数：2919
2022-05-21 06:12:08,150 run.py[line:30] INFO VRTree读取数据...
2022-05-21 06:12:09,021 run.py[line:66] INFO blocksize=80
2022-05-21 06:12:09,021 run.py[line:72] INFO VRTree创建区块...
2022-05-21 06:12:42,868 run.py[line:75] INFO VRTree创建区块完成，交易VR*-tree节点总数=23830,平均=101.40425531914893,深度=3
2022-05-21 06:13:04,672 run.py[line:83] INFO VRTree交易查询消耗（优化前）:21.803715229034424，访问节点数：7331
2022-05-21 06:17:08,396 run.py[line:92] INFO VRTree区块优化完成，交易VR*-tree节点总数=24364,平均=103.67659574468085,深度=3
2022-05-21 06:17:21,145 run.py[line:101] INFO VRTree交易查询消耗（优化后）:12.748915672302246,访问节点数：2903
2022-05-21 06:17:21,147 run.py[line:30] INFO VRTree读取数据...
2022-05-21 06:17:22,058 run.py[line:66] INFO blocksize=80
2022-05-21 06:17:22,059 run.py[line:72] INFO VRTree创建区块...
2022-05-21 06:17:57,105 run.py[line:75] INFO VRTree创建区块完成，交易VR*-tree节点总数=23862,平均=101.54042553191489,深度=3
2022-05-21 06:18:00,474 run.py[line:83] INFO VRTree交易查询消耗（优化前）:3.368988037109375，访问节点数：23435
2022-05-21 06:22:04,986 run.py[line:92] INFO VRTree区块优化完成，交易VR*-tree节点总数=24797,平均=105.51914893617021,深度=3
2022-05-21 06:22:08,377 run.py[line:101] INFO VRTree交易查询消耗（优化后）:3.39092755317688,访问节点数：24348
2022-05-21 06:22:08,378 run.py[line:30] INFO VRTree读取数据...
2022-05-21 06:22:09,415 run.py[line:66] INFO blocksize=80
2022-05-21 06:22:09,415 run.py[line:72] INFO VRTree创建区块...
2022-05-21 06:22:45,248 run.py[line:75] INFO VRTree创建区块完成，交易VR*-tree节点总数=23849,平均=101.48510638297873,深度=3
2022-05-21 06:22:48,787 run.py[line:83] INFO VRTree交易查询消耗（优化前）:3.538742780685425，访问节点数：23418
2022-05-21 06:27:00,202 run.py[line:92] INFO VRTree区块优化完成，交易VR*-tree节点总数=24892,平均=105.92340425531916,深度=3
2022-05-21 06:27:03,645 run.py[line:101] INFO VRTree交易查询消耗（优化后）:3.4417965412139893,访问节点数：24434
2022-05-21 06:27:03,646 run.py[line:30] INFO VRTree读取数据...
2022-05-21 06:27:04,513 run.py[line:66] INFO blocksize=80
2022-05-21 06:27:04,513 run.py[line:72] INFO VRTree创建区块...
2022-05-21 06:27:49,417 run.py[line:75] INFO VRTree创建区块完成，交易VR*-tree节点总数=21076,平均=89.68510638297872,深度=2
2022-05-21 06:28:03,563 run.py[line:83] INFO VRTree交易查询消耗（优化前）:14.146383285522461，访问节点数：0
2022-05-21 06:31:46,156 run.py[line:92] INFO VRTree区块优化完成，交易VR*-tree节点总数=21977,平均=93.51914893617021,深度=2
2022-05-21 06:32:00,979 run.py[line:101] INFO VRTree交易查询消耗（优化后）:14.823366641998291,访问节点数：11
2022-05-21 06:32:00,979 run.py[line:30] INFO VRTree读取数据...
2022-05-21 06:32:02,023 run.py[line:66] INFO blocksize=80
2022-05-21 06:32:02,023 run.py[line:72] INFO VRTree创建区块...
2022-05-21 06:32:48,298 run.py[line:75] INFO VRTree创建区块完成，交易VR*-tree节点总数=21087,平均=89.73191489361702,深度=2
2022-05-21 06:33:02,632 run.py[line:83] INFO VRTree交易查询消耗（优化前）:14.334093809127808，访问节点数：0
2022-05-21 06:36:46,707 run.py[line:92] INFO VRTree区块优化完成，交易VR*-tree节点总数=22003,平均=93.62978723404255,深度=2
2022-05-21 06:37:01,785 run.py[line:101] INFO VRTree交易查询消耗（优化后）:15.076643228530884,访问节点数：12
2022-05-21 06:37:01,786 run.py[line:30] INFO VRTree读取数据...
2022-05-21 06:37:02,655 run.py[line:66] INFO blocksize=80
2022-05-21 06:37:02,655 run.py[line:72] INFO VRTree创建区块...
2022-05-21 06:37:49,807 run.py[line:75] INFO VRTree创建区块完成，交易VR*-tree节点总数=21095,平均=89.76595744680851,深度=2
2022-05-21 06:38:07,789 run.py[line:83] INFO VRTree交易查询消耗（优化前）:17.982388734817505，访问节点数：4228
2022-05-21 06:41:40,070 run.py[line:92] INFO VRTree区块优化完成，交易VR*-tree节点总数=21974,平均=93.50638297872341,深度=2
2022-05-21 06:41:56,477 run.py[line:101] INFO VRTree交易查询消耗（优化后）:16.40713667869568,访问节点数：1818
2022-05-21 06:41:56,478 run.py[line:30] INFO VRTree读取数据...
2022-05-21 06:41:57,414 run.py[line:66] INFO blocksize=80
2022-05-21 06:41:57,414 run.py[line:72] INFO VRTree创建区块...
2022-05-21 06:42:45,130 run.py[line:75] INFO VRTree创建区块完成，交易VR*-tree节点总数=21085,平均=89.72340425531915,深度=2
2022-05-21 06:43:03,944 run.py[line:83] INFO VRTree交易查询消耗（优化前）:18.813862323760986，访问节点数：4295
2022-05-21 06:46:45,758 run.py[line:92] INFO VRTree区块优化完成，交易VR*-tree节点总数=21974,平均=93.50638297872341,深度=2
2022-05-21 06:47:03,224 run.py[line:101] INFO VRTree交易查询消耗（优化后）:17.465281009674072,访问节点数：1827
2022-05-21 06:47:03,225 run.py[line:30] INFO VRTree读取数据...
2022-05-21 06:47:04,353 run.py[line:66] INFO blocksize=80
2022-05-21 06:47:04,353 run.py[line:72] INFO VRTree创建区块...
2022-05-21 06:47:54,256 run.py[line:75] INFO VRTree创建区块完成，交易VR*-tree节点总数=21060,平均=89.61702127659575,深度=2
2022-05-21 06:48:13,966 run.py[line:83] INFO VRTree交易查询消耗（优化前）:19.70931100845337，访问节点数：9193
2022-05-21 06:52:00,308 run.py[line:92] INFO VRTree区块优化完成，交易VR*-tree节点总数=21774,平均=92.65531914893617,深度=2
2022-05-21 06:52:13,873 run.py[line:101] INFO VRTree交易查询消耗（优化后）:13.564735174179077,访问节点数：3960
2022-05-21 06:52:13,874 run.py[line:30] INFO VRTree读取数据...
2022-05-21 06:52:15,018 run.py[line:66] INFO blocksize=80
2022-05-21 06:52:15,018 run.py[line:72] INFO VRTree创建区块...
2022-05-21 06:53:06,135 run.py[line:75] INFO VRTree创建区块完成，交易VR*-tree节点总数=21074,平均=89.67659574468085,深度=2
2022-05-21 06:53:25,546 run.py[line:83] INFO VRTree交易查询消耗（优化前）:19.411107063293457，访问节点数：9207
2022-05-21 06:57:05,590 run.py[line:92] INFO VRTree区块优化完成，交易VR*-tree节点总数=21778,平均=92.67234042553191,深度=2
2022-05-21 06:57:18,391 run.py[line:101] INFO VRTree交易查询消耗（优化后）:12.80074167251587,访问节点数：3935
2022-05-21 06:57:18,391 run.py[line:30] INFO VRTree读取数据...
2022-05-21 06:57:19,253 run.py[line:66] INFO blocksize=80
2022-05-21 06:57:19,253 run.py[line:72] INFO VRTree创建区块...
2022-05-21 06:58:10,237 run.py[line:75] INFO VRTree创建区块完成，交易VR*-tree节点总数=21073,平均=89.67234042553191,深度=2
2022-05-21 06:58:13,628 run.py[line:83] INFO VRTree交易查询消耗（优化前）:3.3909289836883545，访问节点数：20677
2022-05-21 07:01:56,490 run.py[line:92] INFO VRTree区块优化完成，交易VR*-tree节点总数=21978,平均=93.52340425531915,深度=2
2022-05-21 07:01:59,864 run.py[line:101] INFO VRTree交易查询消耗（优化后）:3.3739750385284424,访问节点数：21545
2022-05-21 07:01:59,864 run.py[line:30] INFO VRTree读取数据...
2022-05-21 07:02:00,997 run.py[line:66] INFO blocksize=80
2022-05-21 07:02:00,997 run.py[line:72] INFO VRTree创建区块...
2022-05-21 07:02:52,698 run.py[line:75] INFO VRTree创建区块完成，交易VR*-tree节点总数=21084,平均=89.71914893617021,深度=2
2022-05-21 07:02:56,054 run.py[line:83] INFO VRTree交易查询消耗（优化前）:3.355031967163086，访问节点数：20688
2022-05-21 07:06:41,567 run.py[line:92] INFO VRTree区块优化完成，交易VR*-tree节点总数=22055,平均=93.85106382978724,深度=2
2022-05-21 07:06:44,933 run.py[line:101] INFO VRTree交易查询消耗（优化后）:3.3659961223602295,访问节点数：21626
2022-05-21 07:06:44,934 run.py[line:30] INFO VRTree读取数据...
2022-05-21 07:06:45,795 run.py[line:66] INFO blocksize=80
2022-05-21 07:06:45,795 run.py[line:72] INFO VRTree创建区块...
2022-05-21 07:07:52,975 run.py[line:75] INFO VRTree创建区块完成，交易VR*-tree节点总数=20005,平均=85.12765957446808,深度=2
2022-05-21 07:08:07,283 run.py[line:83] INFO VRTree交易查询消耗（优化前）:14.30675458908081，访问节点数：0
2022-05-21 07:11:12,471 run.py[line:92] INFO VRTree区块优化完成，交易VR*-tree节点总数=20691,平均=88.0468085106383,深度=2
2022-05-21 07:11:27,802 run.py[line:101] INFO VRTree交易查询消耗（优化后）:15.32998538017273,访问节点数：22
2022-05-21 07:11:27,802 run.py[line:30] INFO VRTree读取数据...
2022-05-21 07:11:28,665 run.py[line:66] INFO blocksize=80
2022-05-21 07:11:28,665 run.py[line:72] INFO VRTree创建区块...
2022-05-21 07:12:36,210 run.py[line:75] INFO VRTree创建区块完成，交易VR*-tree节点总数=19998,平均=85.09787234042552,深度=2
2022-05-21 07:12:50,743 run.py[line:83] INFO VRTree交易查询消耗（优化前）:14.53315258026123，访问节点数：0
2022-05-21 07:15:53,455 run.py[line:92] INFO VRTree区块优化完成，交易VR*-tree节点总数=20659,平均=87.91063829787234,深度=2
2022-05-21 07:16:08,791 run.py[line:101] INFO VRTree交易查询消耗（优化后）:15.335512638092041,访问节点数：28
2022-05-21 07:16:08,792 run.py[line:30] INFO VRTree读取数据...
2022-05-21 07:16:09,653 run.py[line:66] INFO blocksize=80
2022-05-21 07:16:09,653 run.py[line:72] INFO VRTree创建区块...
2022-05-21 07:17:18,142 run.py[line:75] INFO VRTree创建区块完成，交易VR*-tree节点总数=20002,平均=85.11489361702128,深度=2
2022-05-21 07:17:36,540 run.py[line:83] INFO VRTree交易查询消耗（优化前）:18.397822856903076，访问节点数：4464
2022-05-21 07:20:34,672 run.py[line:92] INFO VRTree区块优化完成，交易VR*-tree节点总数=20610,平均=87.70212765957447,深度=2
2022-05-21 07:20:52,925 run.py[line:101] INFO VRTree交易查询消耗（优化后）:18.253204584121704,访问节点数：2529
2022-05-21 07:20:52,926 run.py[line:30] INFO VRTree读取数据...
2022-05-21 07:20:53,846 run.py[line:66] INFO blocksize=80
2022-05-21 07:20:53,846 run.py[line:72] INFO VRTree创建区块...
2022-05-21 07:22:06,303 run.py[line:75] INFO VRTree创建区块完成，交易VR*-tree节点总数=20003,平均=85.11914893617022,深度=2
2022-05-21 07:22:25,520 run.py[line:83] INFO VRTree交易查询消耗（优化前）:19.215627908706665，访问节点数：4388
2022-05-21 07:25:30,027 run.py[line:92] INFO VRTree区块优化完成，交易VR*-tree节点总数=20640,平均=87.82978723404256,深度=2
2022-05-21 07:25:48,156 run.py[line:101] INFO VRTree交易查询消耗（优化后）:18.12953209877014,访问节点数：2513
2022-05-21 07:25:48,158 run.py[line:30] INFO VRTree读取数据...
2022-05-21 07:25:49,061 run.py[line:66] INFO blocksize=80
2022-05-21 07:25:49,062 run.py[line:72] INFO VRTree创建区块...
2022-05-21 07:27:03,364 run.py[line:75] INFO VRTree创建区块完成，交易VR*-tree节点总数=20013,平均=85.16170212765958,深度=2
2022-05-21 07:27:19,972 run.py[line:83] INFO VRTree交易查询消耗（优化前）:16.608142852783203，访问节点数：11771
2022-05-21 07:30:24,093 run.py[line:92] INFO VRTree区块优化完成，交易VR*-tree节点总数=20650,平均=87.87234042553192,深度=2
2022-05-21 07:30:37,091 run.py[line:101] INFO VRTree交易查询消耗（优化后）:12.997827529907227,访问节点数：5802
2022-05-21 07:30:37,091 run.py[line:30] INFO VRTree读取数据...
2022-05-21 07:30:37,942 run.py[line:66] INFO blocksize=80
2022-05-21 07:30:37,942 run.py[line:72] INFO VRTree创建区块...
2022-05-21 07:31:48,125 run.py[line:75] INFO VRTree创建区块完成，交易VR*-tree节点总数=20007,平均=85.13617021276596,深度=2
2022-05-21 07:32:04,828 run.py[line:83] INFO VRTree交易查询消耗（优化前）:16.702619552612305，访问节点数：11894
2022-05-21 07:35:10,974 run.py[line:92] INFO VRTree区块优化完成，交易VR*-tree节点总数=20651,平均=87.87659574468086,深度=2
2022-05-21 07:35:24,064 run.py[line:101] INFO VRTree交易查询消耗（优化后）:13.090004205703735,访问节点数：5795
2022-05-21 07:35:24,065 run.py[line:30] INFO VRTree读取数据...
2022-05-21 07:35:24,923 run.py[line:66] INFO blocksize=80
2022-05-21 07:35:24,923 run.py[line:72] INFO VRTree创建区块...
2022-05-21 07:36:36,481 run.py[line:75] INFO VRTree创建区块完成，交易VR*-tree节点总数=20002,平均=85.11489361702128,深度=2
2022-05-21 07:36:39,656 run.py[line:83] INFO VRTree交易查询消耗（优化前）:3.174684762954712，访问节点数：19641
2022-05-21 07:39:44,675 run.py[line:92] INFO VRTree区块优化完成，交易VR*-tree节点总数=20706,平均=88.11063829787234,深度=2
2022-05-21 07:39:47,870 run.py[line:101] INFO VRTree交易查询消耗（优化后）:3.195458173751831,访问节点数：20282
2022-05-21 07:39:47,871 run.py[line:30] INFO VRTree读取数据...
2022-05-21 07:39:48,735 run.py[line:66] INFO blocksize=80
2022-05-21 07:39:48,735 run.py[line:72] INFO VRTree创建区块...
2022-05-21 07:41:01,930 run.py[line:75] INFO VRTree创建区块完成，交易VR*-tree节点总数=20010,平均=85.14893617021276,深度=2
2022-05-21 07:41:05,100 run.py[line:83] INFO VRTree交易查询消耗（优化前）:3.1685307025909424，访问节点数：19652
2022-05-21 07:44:20,003 run.py[line:92] INFO VRTree区块优化完成，交易VR*-tree节点总数=20734,平均=88.22978723404255,深度=2
2022-05-21 07:44:23,229 run.py[line:101] INFO VRTree交易查询消耗（优化后）:3.225625514984131,访问节点数：20311
2022-05-21 07:44:23,230 run.py[line:30] INFO VRTree读取数据...
2022-05-21 07:44:24,097 run.py[line:66] INFO blocksize=80
2022-05-21 07:44:24,097 run.py[line:72] INFO VRTree创建区块...
2022-05-21 07:45:41,480 run.py[line:75] INFO VRTree创建区块完成，交易VR*-tree节点总数=19598,平均=83.39574468085107,深度=2
2022-05-21 07:45:56,762 run.py[line:83] INFO VRTree交易查询消耗（优化前）:15.282330513000488，访问节点数：37
2022-05-21 07:48:32,269 run.py[line:92] INFO VRTree区块优化完成，交易VR*-tree节点总数=20283,平均=86.31063829787234,深度=2
2022-05-21 07:48:47,995 run.py[line:101] INFO VRTree交易查询消耗（优化后）:15.72642970085144,访问节点数：48
2022-05-21 07:48:47,996 run.py[line:30] INFO VRTree读取数据...
2022-05-21 07:48:48,872 run.py[line:66] INFO blocksize=80
2022-05-21 07:48:48,872 run.py[line:72] INFO VRTree创建区块...
2022-05-21 07:50:07,403 run.py[line:75] INFO VRTree创建区块完成，交易VR*-tree节点总数=19598,平均=83.39574468085107,深度=2
2022-05-21 07:50:22,173 run.py[line:83] INFO VRTree交易查询消耗（优化前）:14.76853084564209，访问节点数：37
2022-05-21 07:52:54,698 run.py[line:92] INFO VRTree区块优化完成，交易VR*-tree节点总数=20271,平均=86.2595744680851,深度=2
2022-05-21 07:53:09,884 run.py[line:101] INFO VRTree交易查询消耗（优化后）:15.185842037200928,访问节点数：26
2022-05-21 07:53:09,885 run.py[line:30] INFO VRTree读取数据...
2022-05-21 07:53:10,744 run.py[line:66] INFO blocksize=80
2022-05-21 07:53:10,744 run.py[line:72] INFO VRTree创建区块...
2022-05-21 07:54:30,018 run.py[line:75] INFO VRTree创建区块完成，交易VR*-tree节点总数=19598,平均=83.39574468085107,深度=2
2022-05-21 07:54:47,810 run.py[line:83] INFO VRTree交易查询消耗（优化前）:17.792412996292114，访问节点数：4454
2022-05-21 07:57:14,876 run.py[line:92] INFO VRTree区块优化完成，交易VR*-tree节点总数=20251,平均=86.17446808510638,深度=2
2022-05-21 07:57:31,901 run.py[line:101] INFO VRTree交易查询消耗（优化后）:17.024465799331665,访问节点数：2803
2022-05-21 07:57:31,902 run.py[line:30] INFO VRTree读取数据...
2022-05-21 07:57:32,779 run.py[line:66] INFO blocksize=80
2022-05-21 07:57:32,779 run.py[line:72] INFO VRTree创建区块...
2022-05-21 07:58:52,871 run.py[line:75] INFO VRTree创建区块完成，交易VR*-tree节点总数=19598,平均=83.39574468085107,深度=2
2022-05-21 07:59:10,590 run.py[line:83] INFO VRTree交易查询消耗（优化前）:17.717758893966675，访问节点数：4454
2022-05-21 08:01:32,828 run.py[line:92] INFO VRTree区块优化完成，交易VR*-tree节点总数=20227,平均=86.07234042553192,深度=2
2022-05-21 08:01:50,185 run.py[line:101] INFO VRTree交易查询消耗（优化后）:17.357733488082886,访问节点数：2833
2022-05-21 08:01:50,186 run.py[line:30] INFO VRTree读取数据...
2022-05-21 08:01:51,588 run.py[line:66] INFO blocksize=80
2022-05-21 08:01:51,588 run.py[line:72] INFO VRTree创建区块...
2022-05-21 08:03:13,570 run.py[line:75] INFO VRTree创建区块完成，交易VR*-tree节点总数=19598,平均=83.39574468085107,深度=2
2022-05-21 08:03:31,117 run.py[line:83] INFO VRTree交易查询消耗（优化前）:17.547131776809692，访问节点数：13397
2022-05-21 08:06:07,595 run.py[line:92] INFO VRTree区块优化完成，交易VR*-tree节点总数=20257,平均=86.2,深度=2
2022-05-21 08:06:22,099 run.py[line:101] INFO VRTree交易查询消耗（优化后）:14.503260612487793,访问节点数：7607
2022-05-21 08:06:22,100 run.py[line:30] INFO VRTree读取数据...
2022-05-21 08:06:22,983 run.py[line:66] INFO blocksize=80
2022-05-21 08:06:22,983 run.py[line:72] INFO VRTree创建区块...
2022-05-21 08:07:47,743 run.py[line:75] INFO VRTree创建区块完成，交易VR*-tree节点总数=19598,平均=83.39574468085107,深度=2
2022-05-21 08:08:05,206 run.py[line:83] INFO VRTree交易查询消耗（优化前）:17.463319540023804，访问节点数：13397
2022-05-21 08:10:41,794 run.py[line:92] INFO VRTree区块优化完成，交易VR*-tree节点总数=20257,平均=86.2,深度=2
2022-05-21 08:10:56,263 run.py[line:101] INFO VRTree交易查询消耗（优化后）:14.469313144683838,访问节点数：7607
2022-05-21 08:10:56,264 run.py[line:30] INFO VRTree读取数据...
2022-05-21 08:10:57,148 run.py[line:66] INFO blocksize=80
2022-05-21 08:10:57,148 run.py[line:72] INFO VRTree创建区块...
2022-05-21 08:12:22,124 run.py[line:75] INFO VRTree创建区块完成，交易VR*-tree节点总数=19598,平均=83.39574468085107,深度=2
2022-05-21 08:12:25,351 run.py[line:83] INFO VRTree交易查询消耗（优化前）:3.226381301879883，访问节点数：19254
2022-05-21 08:14:55,361 run.py[line:92] INFO VRTree区块优化完成，交易VR*-tree节点总数=20249,平均=86.1659574468085,深度=2
2022-05-21 08:14:58,523 run.py[line:101] INFO VRTree交易查询消耗（优化后）:3.1617913246154785,访问节点数：19834
2022-05-21 08:14:58,524 run.py[line:30] INFO VRTree读取数据...
2022-05-21 08:14:59,387 run.py[line:66] INFO blocksize=80
2022-05-21 08:14:59,387 run.py[line:72] INFO VRTree创建区块...
2022-05-21 08:16:22,961 run.py[line:75] INFO VRTree创建区块完成，交易VR*-tree节点总数=19598,平均=83.39574468085107,深度=2
2022-05-21 08:16:26,105 run.py[line:83] INFO VRTree交易查询消耗（优化前）:3.14459490776062，访问节点数：19254
2022-05-21 08:18:56,930 run.py[line:92] INFO VRTree区块优化完成，交易VR*-tree节点总数=20259,平均=86.20851063829787,深度=2
2022-05-21 08:19:00,083 run.py[line:101] INFO VRTree交易查询消耗（优化后）:3.153566598892212,访问节点数：19843
2022-05-21 08:19:00,084 run.py[line:30] INFO VRTree读取数据...
2022-05-21 08:19:00,948 run.py[line:66] INFO blocksize=80
2022-05-21 08:19:00,948 run.py[line:72] INFO VRTree创建区块...
2022-05-21 08:20:33,834 run.py[line:75] INFO VRTree创建区块完成，交易VR*-tree节点总数=19463,平均=82.82127659574468,深度=2
2022-05-21 08:20:48,324 run.py[line:83] INFO VRTree交易查询消耗（优化前）:14.489277124404907，访问节点数：21
2022-05-21 08:22:48,073 run.py[line:92] INFO VRTree区块优化完成，交易VR*-tree节点总数=20059,平均=85.35744680851064,深度=2
2022-05-21 08:23:03,920 run.py[line:101] INFO VRTree交易查询消耗（优化后）:15.846860647201538,访问节点数：62
2022-05-21 08:23:03,920 run.py[line:30] INFO VRTree读取数据...
2022-05-21 08:23:04,779 run.py[line:66] INFO blocksize=80
2022-05-21 08:23:04,779 run.py[line:72] INFO VRTree创建区块...
2022-05-21 08:24:38,047 run.py[line:75] INFO VRTree创建区块完成，交易VR*-tree节点总数=19463,平均=82.82127659574468,深度=2
2022-05-21 08:24:52,468 run.py[line:83] INFO VRTree交易查询消耗（优化前）:14.420629024505615，访问节点数：21
2022-05-21 08:26:52,681 run.py[line:92] INFO VRTree区块优化完成，交易VR*-tree节点总数=20056,平均=85.34468085106383,深度=2
2022-05-21 08:27:08,311 run.py[line:101] INFO VRTree交易查询消耗（优化后）:15.629188060760498,访问节点数：52
2022-05-21 08:27:08,312 run.py[line:30] INFO VRTree读取数据...
2022-05-21 08:27:09,201 run.py[line:66] INFO blocksize=80
2022-05-21 08:27:09,201 run.py[line:72] INFO VRTree创建区块...
2022-05-21 08:28:43,147 run.py[line:75] INFO VRTree创建区块完成，交易VR*-tree节点总数=19463,平均=82.82127659574468,深度=2
2022-05-21 08:29:00,605 run.py[line:83] INFO VRTree交易查询消耗（优化前）:17.457336902618408，访问节点数：4636
2022-05-21 08:30:54,784 run.py[line:92] INFO VRTree区块优化完成，交易VR*-tree节点总数=20037,平均=85.26382978723404,深度=2
2022-05-21 08:31:12,872 run.py[line:101] INFO VRTree交易查询消耗（优化后）:18.088644981384277,访问节点数：3681
2022-05-21 08:31:12,873 run.py[line:30] INFO VRTree读取数据...
2022-05-21 08:31:13,734 run.py[line:66] INFO blocksize=80
2022-05-21 08:31:13,735 run.py[line:72] INFO VRTree创建区块...
2022-05-21 08:32:49,715 run.py[line:75] INFO VRTree创建区块完成，交易VR*-tree节点总数=19463,平均=82.82127659574468,深度=2
2022-05-21 08:33:07,196 run.py[line:83] INFO VRTree交易查询消耗（优化前）:17.48127245903015，访问节点数：4636
2022-05-21 08:34:58,486 run.py[line:92] INFO VRTree区块优化完成，交易VR*-tree节点总数=20027,平均=85.22127659574468,深度=2
2022-05-21 08:35:16,176 run.py[line:101] INFO VRTree交易查询消耗（优化后）:17.689686059951782,访问节点数：3670
2022-05-21 08:35:16,176 run.py[line:30] INFO VRTree读取数据...
2022-05-21 08:35:17,039 run.py[line:66] INFO blocksize=80
2022-05-21 08:35:17,039 run.py[line:72] INFO VRTree创建区块...
2022-05-21 08:36:53,073 run.py[line:75] INFO VRTree创建区块完成，交易VR*-tree节点总数=19463,平均=82.82127659574468,深度=2
2022-05-21 08:37:09,424 run.py[line:83] INFO VRTree交易查询消耗（优化前）:16.350524425506592，访问节点数：14083
2022-05-21 08:39:10,773 run.py[line:92] INFO VRTree区块优化完成，交易VR*-tree节点总数=20060,平均=85.36170212765957,深度=2
2022-05-21 08:39:25,996 run.py[line:101] INFO VRTree交易查询消耗（优化后）:15.223673343658447,访问节点数：9736
2022-05-21 08:39:25,997 run.py[line:30] INFO VRTree读取数据...
2022-05-21 08:39:26,865 run.py[line:66] INFO blocksize=80
2022-05-21 08:39:26,865 run.py[line:72] INFO VRTree创建区块...
2022-05-21 08:41:04,257 run.py[line:75] INFO VRTree创建区块完成，交易VR*-tree节点总数=19463,平均=82.82127659574468,深度=2
2022-05-21 08:41:20,678 run.py[line:83] INFO VRTree交易查询消耗（优化前）:16.42139768600464，访问节点数：14083
2022-05-21 08:43:21,918 run.py[line:92] INFO VRTree区块优化完成，交易VR*-tree节点总数=20060,平均=85.36170212765957,深度=2
2022-05-21 08:43:36,951 run.py[line:101] INFO VRTree交易查询消耗（优化后）:15.03281283378601,访问节点数：9736
2022-05-21 08:43:36,952 run.py[line:30] INFO VRTree读取数据...
2022-05-21 08:43:37,825 run.py[line:66] INFO blocksize=80
2022-05-21 08:43:37,825 run.py[line:72] INFO VRTree创建区块...
2022-05-21 08:45:15,655 run.py[line:75] INFO VRTree创建区块完成，交易VR*-tree节点总数=19463,平均=82.82127659574468,深度=2
2022-05-21 08:45:18,788 run.py[line:83] INFO VRTree交易查询消耗（优化前）:3.1326277256011963，访问节点数：19158
2022-05-21 08:47:20,545 run.py[line:92] INFO VRTree区块优化完成，交易VR*-tree节点总数=20061,平均=85.36595744680851,深度=2
2022-05-21 08:47:23,707 run.py[line:101] INFO VRTree交易查询消耗（优化后）:3.162510871887207,访问节点数：19649
2022-05-21 08:47:23,708 run.py[line:30] INFO VRTree读取数据...
2022-05-21 08:47:24,575 run.py[line:66] INFO blocksize=80
2022-05-21 08:47:24,575 run.py[line:72] INFO VRTree创建区块...
2022-05-21 08:49:04,701 run.py[line:75] INFO VRTree创建区块完成，交易VR*-tree节点总数=19463,平均=82.82127659574468,深度=2
2022-05-21 08:49:07,866 run.py[line:83] INFO VRTree交易查询消耗（优化前）:3.1635549068450928，访问节点数：19158
2022-05-21 08:51:12,678 run.py[line:92] INFO VRTree区块优化完成，交易VR*-tree节点总数=20068,平均=85.39574468085107,深度=2
2022-05-21 08:51:15,914 run.py[line:101] INFO VRTree交易查询消耗（优化后）:3.2353525161743164,访问节点数：19656
2022-05-21 08:51:15,915 run.py[line:30] INFO VRTree读取数据...
2022-05-21 08:51:16,897 run.py[line:66] INFO blocksize=80
2022-05-21 08:51:16,898 run.py[line:72] INFO VRTree创建区块...
2022-05-21 08:51:22,754 run.py[line:75] INFO VRTree创建区块完成，交易VR*-tree节点总数=18967,平均=80.71063829787234,深度=1
2022-05-21 08:51:38,547 run.py[line:83] INFO VRTree交易查询消耗（优化前）:15.792757987976074，访问节点数：80
2022-05-21 08:52:57,855 run.py[line:92] INFO VRTree区块优化完成，交易VR*-tree节点总数=19907,平均=84.71063829787234,深度=1
2022-05-21 08:53:13,759 run.py[line:101] INFO VRTree交易查询消耗（优化后）:15.903490781784058,访问节点数：69
2022-05-21 08:53:13,760 run.py[line:30] INFO VRTree读取数据...
2022-05-21 08:53:14,635 run.py[line:66] INFO blocksize=80
2022-05-21 08:53:14,636 run.py[line:72] INFO VRTree创建区块...
2022-05-21 08:53:20,437 run.py[line:75] INFO VRTree创建区块完成，交易VR*-tree节点总数=18967,平均=80.71063829787234,深度=1
2022-05-21 08:53:36,579 run.py[line:83] INFO VRTree交易查询消耗（优化前）:16.14185357093811，访问节点数：80
2022-05-21 08:54:55,793 run.py[line:92] INFO VRTree区块优化完成，交易VR*-tree节点总数=19907,平均=84.71063829787234,深度=1
2022-05-21 08:55:11,953 run.py[line:101] INFO VRTree交易查询消耗（优化后）:16.15980577468872,访问节点数：69
2022-05-21 08:55:11,954 run.py[line:30] INFO VRTree读取数据...
2022-05-21 08:55:12,830 run.py[line:66] INFO blocksize=80
2022-05-21 08:55:12,830 run.py[line:72] INFO VRTree创建区块...
2022-05-21 08:55:18,622 run.py[line:75] INFO VRTree创建区块完成，交易VR*-tree节点总数=18967,平均=80.71063829787234,深度=1
2022-05-21 08:55:37,100 run.py[line:83] INFO VRTree交易查询消耗（优化前）:18.47760820388794，访问节点数：4720
2022-05-21 08:56:55,952 run.py[line:92] INFO VRTree区块优化完成，交易VR*-tree节点总数=19907,平均=84.71063829787234,深度=1
2022-05-21 08:57:14,559 run.py[line:101] INFO VRTree交易查询消耗（优化后）:18.60748863220215,访问节点数：3816
2022-05-21 08:57:14,560 run.py[line:30] INFO VRTree读取数据...
2022-05-21 08:57:15,425 run.py[line:66] INFO blocksize=80
2022-05-21 08:57:15,425 run.py[line:72] INFO VRTree创建区块...
2022-05-21 08:57:21,152 run.py[line:75] INFO VRTree创建区块完成，交易VR*-tree节点总数=18967,平均=80.71063829787234,深度=1
2022-05-21 08:57:39,661 run.py[line:83] INFO VRTree交易查询消耗（优化前）:18.50899386405945，访问节点数：4720
2022-05-21 08:58:58,098 run.py[line:92] INFO VRTree区块优化完成，交易VR*-tree节点总数=19907,平均=84.71063829787234,深度=1
2022-05-21 08:59:16,636 run.py[line:101] INFO VRTree交易查询消耗（优化后）:18.538323402404785,访问节点数：3816
2022-05-21 08:59:16,637 run.py[line:30] INFO VRTree读取数据...
2022-05-21 08:59:17,497 run.py[line:66] INFO blocksize=80
2022-05-21 08:59:17,497 run.py[line:72] INFO VRTree创建区块...
2022-05-21 08:59:23,261 run.py[line:75] INFO VRTree创建区块完成，交易VR*-tree节点总数=18967,平均=80.71063829787234,深度=1
2022-05-21 08:59:39,818 run.py[line:83] INFO VRTree交易查询消耗（优化前）:16.556753158569336，访问节点数：18732
2022-05-21 09:00:58,501 run.py[line:92] INFO VRTree区块优化完成，交易VR*-tree节点总数=19907,平均=84.71063829787234,深度=1
2022-05-21 09:01:14,652 run.py[line:101] INFO VRTree交易查询消耗（优化后）:16.1510648727417,访问节点数：12797
2022-05-21 09:01:14,652 run.py[line:30] INFO VRTree读取数据...
2022-05-21 09:01:16,884 run.py[line:66] INFO blocksize=80
2022-05-21 09:01:16,884 run.py[line:72] INFO VRTree创建区块...
2022-05-21 09:01:22,597 run.py[line:75] INFO VRTree创建区块完成，交易VR*-tree节点总数=18967,平均=80.71063829787234,深度=1
2022-05-21 09:01:39,257 run.py[line:83] INFO VRTree交易查询消耗（优化前）:16.659958362579346，访问节点数：18732
2022-05-21 09:02:57,812 run.py[line:92] INFO VRTree区块优化完成，交易VR*-tree节点总数=19907,平均=84.71063829787234,深度=1
2022-05-21 09:03:14,322 run.py[line:101] INFO VRTree交易查询消耗（优化后）:16.510112762451172,访问节点数：12797
2022-05-21 09:03:14,323 run.py[line:30] INFO VRTree读取数据...
2022-05-21 09:03:15,180 run.py[line:66] INFO blocksize=80
2022-05-21 09:03:15,180 run.py[line:72] INFO VRTree创建区块...
2022-05-21 09:03:20,920 run.py[line:75] INFO VRTree创建区块完成，交易VR*-tree节点总数=18967,平均=80.71063829787234,深度=1
2022-05-21 09:03:24,080 run.py[line:83] INFO VRTree交易查询消耗（优化前）:3.158555507659912，访问节点数：18732
2022-05-21 09:04:42,535 run.py[line:92] INFO VRTree区块优化完成，交易VR*-tree节点总数=19907,平均=84.71063829787234,深度=1
2022-05-21 09:04:45,634 run.py[line:101] INFO VRTree交易查询消耗（优化后）:3.098716974258423,访问节点数：19497
2022-05-21 09:04:45,635 run.py[line:30] INFO VRTree读取数据...
2022-05-21 09:04:46,488 run.py[line:66] INFO blocksize=80
2022-05-21 09:04:46,488 run.py[line:72] INFO VRTree创建区块...
2022-05-21 09:04:52,181 run.py[line:75] INFO VRTree创建区块完成，交易VR*-tree节点总数=18967,平均=80.71063829787234,深度=1
2022-05-21 09:04:55,304 run.py[line:83] INFO VRTree交易查询消耗（优化前）:3.123654842376709，访问节点数：18732
2022-05-21 09:06:13,571 run.py[line:92] INFO VRTree区块优化完成，交易VR*-tree节点总数=19907,平均=84.71063829787234,深度=1
2022-05-21 09:06:16,816 run.py[line:101] INFO VRTree交易查询消耗（优化后）:3.2453153133392334,访问节点数：19497
2022-05-21 09:06:16,817 run.py[line:30] INFO VRTree读取数据...
2022-05-21 09:06:17,712 run.py[line:66] INFO blocksize=80
2022-05-21 09:06:17,712 run.py[line:72] INFO VRTree创建区块...
2022-05-21 09:06:23,484 run.py[line:75] INFO VRTree创建区块完成，交易VR*-tree节点总数=18967,平均=80.71063829787234,深度=1
2022-05-21 09:06:39,064 run.py[line:83] INFO VRTree交易查询消耗（优化前）:15.579358100891113，访问节点数：80
2022-05-21 09:07:57,400 run.py[line:92] INFO VRTree区块优化完成，交易VR*-tree节点总数=19907,平均=84.71063829787234,深度=1
2022-05-21 09:08:13,022 run.py[line:101] INFO VRTree交易查询消耗（优化后）:15.621243238449097,访问节点数：69
2022-05-21 09:08:13,023 run.py[line:30] INFO VRTree读取数据...
2022-05-21 09:08:13,882 run.py[line:66] INFO blocksize=80
2022-05-21 09:08:13,882 run.py[line:72] INFO VRTree创建区块...
2022-05-21 09:08:19,576 run.py[line:75] INFO VRTree创建区块完成，交易VR*-tree节点总数=18967,平均=80.71063829787234,深度=1
2022-05-21 09:08:35,494 run.py[line:83] INFO VRTree交易查询消耗（优化前）:15.917656898498535，访问节点数：80
2022-05-21 09:09:53,650 run.py[line:92] INFO VRTree区块优化完成，交易VR*-tree节点总数=19907,平均=84.71063829787234,深度=1
2022-05-21 09:10:09,744 run.py[line:101] INFO VRTree交易查询消耗（优化后）:16.09432053565979,访问节点数：69
2022-05-21 09:10:09,745 run.py[line:30] INFO VRTree读取数据...
2022-05-21 09:10:11,589 run.py[line:66] INFO blocksize=80
2022-05-21 09:10:11,589 run.py[line:72] INFO VRTree创建区块...
2022-05-21 09:10:17,303 run.py[line:75] INFO VRTree创建区块完成，交易VR*-tree节点总数=18967,平均=80.71063829787234,深度=1
2022-05-21 09:10:35,818 run.py[line:83] INFO VRTree交易查询消耗（优化前）:18.51571822166443，访问节点数：4720
2022-05-21 09:11:54,500 run.py[line:92] INFO VRTree区块优化完成，交易VR*-tree节点总数=19907,平均=84.71063829787234,深度=1
2022-05-21 09:12:13,217 run.py[line:101] INFO VRTree交易查询消耗（优化后）:18.715553760528564,访问节点数：3816
2022-05-21 09:12:13,218 run.py[line:30] INFO VRTree读取数据...
2022-05-21 09:12:14,072 run.py[line:66] INFO blocksize=80
2022-05-21 09:12:14,072 run.py[line:72] INFO VRTree创建区块...
2022-05-21 09:12:19,745 run.py[line:75] INFO VRTree创建区块完成，交易VR*-tree节点总数=18967,平均=80.71063829787234,深度=1
2022-05-21 09:12:38,381 run.py[line:83] INFO VRTree交易查询消耗（优化前）:18.63562273979187，访问节点数：4720
2022-05-21 09:13:57,028 run.py[line:92] INFO VRTree区块优化完成，交易VR*-tree节点总数=19907,平均=84.71063829787234,深度=1
2022-05-21 09:14:15,993 run.py[line:101] INFO VRTree交易查询消耗（优化后）:18.965583562850952,访问节点数：3816
2022-05-21 09:14:15,994 run.py[line:30] INFO VRTree读取数据...
2022-05-21 09:14:16,864 run.py[line:66] INFO blocksize=80
2022-05-21 09:14:16,864 run.py[line:72] INFO VRTree创建区块...
2022-05-21 09:14:22,586 run.py[line:75] INFO VRTree创建区块完成，交易VR*-tree节点总数=18967,平均=80.71063829787234,深度=1
2022-05-21 09:14:39,251 run.py[line:83] INFO VRTree交易查询消耗（优化前）:16.665460109710693，访问节点数：18732
2022-05-21 09:15:57,637 run.py[line:92] INFO VRTree区块优化完成，交易VR*-tree节点总数=19907,平均=84.71063829787234,深度=1
2022-05-21 09:16:13,839 run.py[line:101] INFO VRTree交易查询消耗（优化后）:16.201693773269653,访问节点数：12797
2022-05-21 09:16:13,840 run.py[line:30] INFO VRTree读取数据...
2022-05-21 09:16:14,702 run.py[line:66] INFO blocksize=80
2022-05-21 09:16:14,702 run.py[line:72] INFO VRTree创建区块...
2022-05-21 09:16:20,551 run.py[line:75] INFO VRTree创建区块完成，交易VR*-tree节点总数=18967,平均=80.71063829787234,深度=1
2022-05-21 09:16:36,657 run.py[line:83] INFO VRTree交易查询消耗（优化前）:16.105950355529785，访问节点数：18732
2022-05-21 09:17:55,053 run.py[line:92] INFO VRTree区块优化完成，交易VR*-tree节点总数=19907,平均=84.71063829787234,深度=1
2022-05-21 09:18:11,707 run.py[line:101] INFO VRTree交易查询消耗（优化后）:16.653485536575317,访问节点数：12797
2022-05-21 09:18:11,707 run.py[line:30] INFO VRTree读取数据...
2022-05-21 09:18:12,570 run.py[line:66] INFO blocksize=80
2022-05-21 09:18:12,570 run.py[line:72] INFO VRTree创建区块...
2022-05-21 09:18:18,261 run.py[line:75] INFO VRTree创建区块完成，交易VR*-tree节点总数=18967,平均=80.71063829787234,深度=1
2022-05-21 09:18:21,475 run.py[line:83] INFO VRTree交易查询消耗（优化前）:3.2134110927581787，访问节点数：18732
2022-05-21 09:19:39,836 run.py[line:92] INFO VRTree区块优化完成，交易VR*-tree节点总数=19907,平均=84.71063829787234,深度=1
2022-05-21 09:19:42,945 run.py[line:101] INFO VRTree交易查询消耗（优化后）:3.1089203357696533,访问节点数：19497
2022-05-21 09:19:42,946 run.py[line:30] INFO VRTree读取数据...
2022-05-21 09:19:43,803 run.py[line:66] INFO blocksize=80
2022-05-21 09:19:43,804 run.py[line:72] INFO VRTree创建区块...
2022-05-21 09:19:49,486 run.py[line:75] INFO VRTree创建区块完成，交易VR*-tree节点总数=18967,平均=80.71063829787234,深度=1
2022-05-21 09:19:52,581 run.py[line:83] INFO VRTree交易查询消耗（优化前）:3.095724105834961，访问节点数：18732
2022-05-21 09:21:11,897 run.py[line:92] INFO VRTree区块优化完成，交易VR*-tree节点总数=19907,平均=84.71063829787234,深度=1
2022-05-21 09:21:15,001 run.py[line:101] INFO VRTree交易查询消耗（优化后）:3.1039376258850098,访问节点数：19497
2022-05-21 09:21:15,001 run.py[line:30] INFO VRTree读取数据...
2022-05-21 09:21:15,907 run.py[line:66] INFO blocksize=80
2022-05-21 09:21:15,907 run.py[line:72] INFO VRTree创建区块...
2022-05-21 09:21:21,635 run.py[line:75] INFO VRTree创建区块完成，交易VR*-tree节点总数=18967,平均=80.71063829787234,深度=1
2022-05-21 09:21:37,219 run.py[line:83] INFO VRTree交易查询消耗（优化前）:15.583758115768433，访问节点数：80
2022-05-21 09:22:55,275 run.py[line:92] INFO VRTree区块优化完成，交易VR*-tree节点总数=19907,平均=84.71063829787234,深度=1
2022-05-21 09:23:11,171 run.py[line:101] INFO VRTree交易查询消耗（优化后）:15.896770238876343,访问节点数：69
2022-05-21 09:23:11,172 run.py[line:30] INFO VRTree读取数据...
2022-05-21 09:23:12,029 run.py[line:66] INFO blocksize=80
2022-05-21 09:23:12,029 run.py[line:72] INFO VRTree创建区块...
2022-05-21 09:23:17,754 run.py[line:75] INFO VRTree创建区块完成，交易VR*-tree节点总数=18967,平均=80.71063829787234,深度=1
2022-05-21 09:23:33,590 run.py[line:83] INFO VRTree交易查询消耗（优化前）:15.835871934890747，访问节点数：80
2022-05-21 09:24:51,736 run.py[line:92] INFO VRTree区块优化完成，交易VR*-tree节点总数=19907,平均=84.71063829787234,深度=1
2022-05-21 09:25:07,979 run.py[line:101] INFO VRTree交易查询消耗（优化后）:16.243523120880127,访问节点数：69
2022-05-21 09:25:07,980 run.py[line:30] INFO VRTree读取数据...
2022-05-21 09:25:08,839 run.py[line:66] INFO blocksize=80
2022-05-21 09:25:08,839 run.py[line:72] INFO VRTree创建区块...
2022-05-21 09:25:14,517 run.py[line:75] INFO VRTree创建区块完成，交易VR*-tree节点总数=18967,平均=80.71063829787234,深度=1
2022-05-21 09:25:32,693 run.py[line:83] INFO VRTree交易查询消耗（优化前）:18.17641544342041，访问节点数：4720
2022-05-21 09:26:51,281 run.py[line:92] INFO VRTree区块优化完成，交易VR*-tree节点总数=19907,平均=84.71063829787234,深度=1
2022-05-21 09:27:09,958 run.py[line:101] INFO VRTree交易查询消耗（优化后）:18.676501274108887,访问节点数：3816
2022-05-21 09:27:09,959 run.py[line:30] INFO VRTree读取数据...
2022-05-21 09:27:10,822 run.py[line:66] INFO blocksize=80
2022-05-21 09:27:10,822 run.py[line:72] INFO VRTree创建区块...
2022-05-21 09:27:16,493 run.py[line:75] INFO VRTree创建区块完成，交易VR*-tree节点总数=18967,平均=80.71063829787234,深度=1
2022-05-21 09:27:34,893 run.py[line:83] INFO VRTree交易查询消耗（优化前）:18.400062322616577，访问节点数：4720
2022-05-21 09:28:53,121 run.py[line:92] INFO VRTree区块优化完成，交易VR*-tree节点总数=19907,平均=84.71063829787234,深度=1
2022-05-21 09:29:11,681 run.py[line:101] INFO VRTree交易查询消耗（优化后）:18.55932307243347,访问节点数：3816
2022-05-21 09:29:11,682 run.py[line:30] INFO VRTree读取数据...
2022-05-21 09:29:12,543 run.py[line:66] INFO blocksize=80
2022-05-21 09:29:12,543 run.py[line:72] INFO VRTree创建区块...
2022-05-21 09:29:18,238 run.py[line:75] INFO VRTree创建区块完成，交易VR*-tree节点总数=18967,平均=80.71063829787234,深度=1
2022-05-21 09:29:34,347 run.py[line:83] INFO VRTree交易查询消耗（优化前）:16.109176635742188，访问节点数：18732
2022-05-21 09:30:53,745 run.py[line:92] INFO VRTree区块优化完成，交易VR*-tree节点总数=19907,平均=84.71063829787234,深度=1
2022-05-21 09:31:09,899 run.py[line:101] INFO VRTree交易查询消耗（优化后）:16.153146982192993,访问节点数：12797
2022-05-21 09:31:09,900 run.py[line:30] INFO VRTree读取数据...
2022-05-21 09:31:10,757 run.py[line:66] INFO blocksize=80
2022-05-21 09:31:10,757 run.py[line:72] INFO VRTree创建区块...
2022-05-21 09:31:16,643 run.py[line:75] INFO VRTree创建区块完成，交易VR*-tree节点总数=18967,平均=80.71063829787234,深度=1
2022-05-21 09:31:33,319 run.py[line:83] INFO VRTree交易查询消耗（优化前）:16.675615787506104，访问节点数：18732
2022-05-21 09:32:51,788 run.py[line:92] INFO VRTree区块优化完成，交易VR*-tree节点总数=19907,平均=84.71063829787234,深度=1
2022-05-21 09:33:08,539 run.py[line:101] INFO VRTree交易查询消耗（优化后）:16.750253915786743,访问节点数：12797
2022-05-21 09:33:08,540 run.py[line:30] INFO VRTree读取数据...
2022-05-21 09:33:09,389 run.py[line:66] INFO blocksize=80
2022-05-21 09:33:09,389 run.py[line:72] INFO VRTree创建区块...
2022-05-21 09:33:15,089 run.py[line:75] INFO VRTree创建区块完成，交易VR*-tree节点总数=18967,平均=80.71063829787234,深度=1
2022-05-21 09:33:18,227 run.py[line:83] INFO VRTree交易查询消耗（优化前）:3.138582468032837，访问节点数：18732
2022-05-21 09:34:36,476 run.py[line:92] INFO VRTree区块优化完成，交易VR*-tree节点总数=19907,平均=84.71063829787234,深度=1
2022-05-21 09:34:39,580 run.py[line:101] INFO VRTree交易查询消耗（优化后）:3.1046876907348633,访问节点数：19497
2022-05-21 09:34:39,581 run.py[line:30] INFO VRTree读取数据...
2022-05-21 09:34:40,442 run.py[line:66] INFO blocksize=80
2022-05-21 09:34:40,442 run.py[line:72] INFO VRTree创建区块...
2022-05-21 09:34:46,126 run.py[line:75] INFO VRTree创建区块完成，交易VR*-tree节点总数=18967,平均=80.71063829787234,深度=1
2022-05-21 09:34:49,245 run.py[line:83] INFO VRTree交易查询消耗（优化前）:3.118664264678955，访问节点数：18732
2022-05-21 09:36:07,610 run.py[line:92] INFO VRTree区块优化完成，交易VR*-tree节点总数=19907,平均=84.71063829787234,深度=1
2022-05-21 09:36:10,728 run.py[line:101] INFO VRTree交易查询消耗（优化后）:3.117666482925415,访问节点数：19497
2022-05-21 09:36:10,729 run.py[line:30] INFO VRTree读取数据...
2022-05-21 09:36:11,585 run.py[line:66] INFO blocksize=80
2022-05-21 09:36:11,586 run.py[line:72] INFO VRTree创建区块...
2022-05-21 09:36:17,335 run.py[line:75] INFO VRTree创建区块完成，交易VR*-tree节点总数=18967,平均=80.71063829787234,深度=1
2022-05-21 09:36:32,902 run.py[line:83] INFO VRTree交易查询消耗（优化前）:15.566391468048096，访问节点数：80
2022-05-21 09:37:51,112 run.py[line:92] INFO VRTree区块优化完成，交易VR*-tree节点总数=19907,平均=84.71063829787234,深度=1
2022-05-21 09:38:07,188 run.py[line:101] INFO VRTree交易查询消耗（优化后）:16.076029062271118,访问节点数：69
2022-05-21 09:38:07,189 run.py[line:30] INFO VRTree读取数据...
2022-05-21 09:38:08,081 run.py[line:66] INFO blocksize=80
2022-05-21 09:38:08,081 run.py[line:72] INFO VRTree创建区块...
2022-05-21 09:38:13,765 run.py[line:75] INFO VRTree创建区块完成，交易VR*-tree节点总数=18967,平均=80.71063829787234,深度=1
2022-05-21 09:38:29,531 run.py[line:83] INFO VRTree交易查询消耗（优化前）:15.765857696533203，访问节点数：80
2022-05-21 09:39:47,769 run.py[line:92] INFO VRTree区块优化完成，交易VR*-tree节点总数=19907,平均=84.71063829787234,深度=1
2022-05-21 09:40:03,999 run.py[line:101] INFO VRTree交易查询消耗（优化后）:16.229837894439697,访问节点数：69
2022-05-21 09:40:04,000 run.py[line:30] INFO VRTree读取数据...
2022-05-21 09:40:05,889 run.py[line:66] INFO blocksize=80
2022-05-21 09:40:05,889 run.py[line:72] INFO VRTree创建区块...
2022-05-21 09:40:11,620 run.py[line:75] INFO VRTree创建区块完成，交易VR*-tree节点总数=18967,平均=80.71063829787234,深度=1
2022-05-21 09:40:30,305 run.py[line:83] INFO VRTree交易查询消耗（优化前）:18.684390544891357，访问节点数：4720
2022-05-21 09:41:49,248 run.py[line:92] INFO VRTree区块优化完成，交易VR*-tree节点总数=19907,平均=84.71063829787234,深度=1
2022-05-21 09:42:07,988 run.py[line:101] INFO VRTree交易查询消耗（优化后）:18.738882303237915,访问节点数：3816
2022-05-21 09:42:07,988 run.py[line:30] INFO VRTree读取数据...
2022-05-21 09:42:08,848 run.py[line:66] INFO blocksize=80
2022-05-21 09:42:08,848 run.py[line:72] INFO VRTree创建区块...
2022-05-21 09:42:14,614 run.py[line:75] INFO VRTree创建区块完成，交易VR*-tree节点总数=18967,平均=80.71063829787234,深度=1
2022-05-21 09:42:32,900 run.py[line:83] INFO VRTree交易查询消耗（优化前）:18.286121368408203，访问节点数：4720
2022-05-21 09:43:51,541 run.py[line:92] INFO VRTree区块优化完成，交易VR*-tree节点总数=19907,平均=84.71063829787234,深度=1
2022-05-21 09:44:10,030 run.py[line:101] INFO VRTree交易查询消耗（优化后）:18.48782467842102,访问节点数：3816
2022-05-21 09:44:10,031 run.py[line:30] INFO VRTree读取数据...
2022-05-21 09:44:10,936 run.py[line:66] INFO blocksize=80
2022-05-21 09:44:10,936 run.py[line:72] INFO VRTree创建区块...
2022-05-21 09:44:16,761 run.py[line:75] INFO VRTree创建区块完成，交易VR*-tree节点总数=18967,平均=80.71063829787234,深度=1
2022-05-21 09:44:32,993 run.py[line:83] INFO VRTree交易查询消耗（优化前）:16.232643842697144，访问节点数：18732
2022-05-21 09:45:51,746 run.py[line:92] INFO VRTree区块优化完成，交易VR*-tree节点总数=19907,平均=84.71063829787234,深度=1
2022-05-21 09:46:07,845 run.py[line:101] INFO VRTree交易查询消耗（优化后）:16.09917664527893,访问节点数：12797
2022-05-21 09:46:07,846 run.py[line:30] INFO VRTree读取数据...
2022-05-21 09:46:08,699 run.py[line:66] INFO blocksize=80
2022-05-21 09:46:08,699 run.py[line:72] INFO VRTree创建区块...
2022-05-21 09:46:14,386 run.py[line:75] INFO VRTree创建区块完成，交易VR*-tree节点总数=18967,平均=80.71063829787234,深度=1
2022-05-21 09:46:30,788 run.py[line:83] INFO VRTree交易查询消耗（优化前）:16.40218496322632，访问节点数：18732
2022-05-21 09:47:49,295 run.py[line:92] INFO VRTree区块优化完成，交易VR*-tree节点总数=19907,平均=84.71063829787234,深度=1
2022-05-21 09:48:05,902 run.py[line:101] INFO VRTree交易查询消耗（优化后）:16.607864141464233,访问节点数：12797
2022-05-21 09:48:05,903 run.py[line:30] INFO VRTree读取数据...
2022-05-21 09:48:06,771 run.py[line:66] INFO blocksize=80
2022-05-21 09:48:06,771 run.py[line:72] INFO VRTree创建区块...
2022-05-21 09:48:12,444 run.py[line:75] INFO VRTree创建区块完成，交易VR*-tree节点总数=18967,平均=80.71063829787234,深度=1
2022-05-21 09:48:15,589 run.py[line:83] INFO VRTree交易查询消耗（优化前）:3.1445908546447754，访问节点数：18732
2022-05-21 09:49:33,997 run.py[line:92] INFO VRTree区块优化完成，交易VR*-tree节点总数=19907,平均=84.71063829787234,深度=1
2022-05-21 09:49:37,225 run.py[line:101] INFO VRTree交易查询消耗（优化后）:3.227372884750366,访问节点数：19497
2022-05-21 09:49:37,226 run.py[line:30] INFO VRTree读取数据...
2022-05-21 09:49:39,077 run.py[line:66] INFO blocksize=80
2022-05-21 09:49:39,077 run.py[line:72] INFO VRTree创建区块...
2022-05-21 09:49:44,798 run.py[line:75] INFO VRTree创建区块完成，交易VR*-tree节点总数=18967,平均=80.71063829787234,深度=1
2022-05-21 09:49:47,926 run.py[line:83] INFO VRTree交易查询消耗（优化前）:3.1278555393218994，访问节点数：18732
2022-05-21 09:51:06,286 run.py[line:92] INFO VRTree区块优化完成，交易VR*-tree节点总数=19907,平均=84.71063829787234,深度=1
2022-05-21 09:51:09,420 run.py[line:101] INFO VRTree交易查询消耗（优化后）:3.1336164474487305,访问节点数：19497
